: {"description": {"text": "The driver loaded events provides information about a driver being loaded on the system. The configured hashes are provided as well as signature information. The signature is created asynchronously for performance reasons and indicates if the file was removed after loading.", "links": [{"text": "Sysmon Source", "link": "https://docs.microsoft.com/en-us/sysinternals/downloads/sysmon#event-id-6-driver-loaded"}]}, "event_log_illustration": {"image": {"height": 625, "alt": "Event 6 illustration", "width": 625, "link": "https://github.com/Cyb3rWard0g/OSSEM/blob/master/resources/images/event-6.png"}}, "meta": {"date": "04/26/2019", "log_type": "sysmon", "description": "The driver loaded events provides information about a driver being loaded on the system.", "author": "Roberto Rodriguez (@Cyb3rWard0g)", "sysmon_version": "9.01", "title": "Event ID 6 - Driver loaded", "sysmon_rule": "DriverLoad"}, "data_dictionary": {"driver_signature_status": {"description": "status of the signature (i.e valid)", "field_name": "SignatureStatus", "type": "string", "sample_value": "Valid"}, "driver_loaded": {"description": "full path of the driver loaded", "field_name": "ImageLoaded", "type": "string", "sample_value": "C:\\ProgramData\\Microsoft\\Windows Defender\\Definition Updates{741285CC-BF49-492C-90BE-E84BD6CADD73}\\MpKsl4d223a5a.sys"}, "driver_is_signed": {"description": "is the driver loaded signed", "field_name": "Signed", "type": "boolean", "sample_value": "TRUE"}, "event_creation_time": {"description": "Time in UTC when event was created", "field_name": "UtcTime", "type": "date", "sample_value": "4/11/18 5:21"}, "driver_signature": {"description": "The signer", "field_name": "Signature", "type": "string", "sample_value": "Microsoft Corporation"}, "hash": {"description": "Hashes captured by sysmon driver", "field_name": "Hashes", "type": "string", "sample_value": "SHA1=38310AD6805DC31D5AA61BE182689D63060ACE94, MD5=BF2513029E231BE96D82F7C3ABFF87F4, SHA256=F6DB64112CC50EEE495E2D7C61B8BDBE757A31B03144B0396615FD38C312824E, IMPHASH=06D4A412CF7F5363C49E629BF34446B3"}}, "title": "Event ID 6: Driver loaded", "event_data": {"type": "xml", "data": "<Event xmlns=\"http://schemas.microsoft.com/win/2004/08/events/event\">\n  <System>\n    <Provider Name=\"Microsoft-Windows-Sysmon\" Guid=\"{5770385f-c22a-43e0-bf4c-06f5698ffbd9}\" /> \n    <EventID>6</EventID> \n    <Version>3</Version> \n    <Level>4</Level> \n    <Task>6</Task> \n    <Opcode>0</Opcode> \n    <Keywords>0x8000000000000000</Keywords> \n    <TimeCreated SystemTime=\"2019-04-27T00:11:22.407923200Z\" /> \n    <EventRecordID>3611351</EventRecordID> \n    <Correlation /> \n    <Execution ProcessID=\"2332\" ThreadID=\"3796\" /> \n    <Channel>Microsoft-Windows-Sysmon/Operational</Channel> \n    <Computer>WARDOG.RIVENDELL.local</Computer> \n    <Security UserID=\"S-1-5-18\" /> \n  </System>\n  <EventData>\n    <Data Name=\"RuleName\" /> \n    <Data Name=\"UtcTime\">2019-04-27 00:11:01.735</Data> \n    <Data Name=\"ImageLoaded\">C:\\Windows\\System32\\drivers\\vmusbmouse.sys</Data> \n    <Data Name=\"Hashes\">SHA1=651C73ABD8BE1B2A9C97FBBD7912A9050B4D555E,MD5=1F211FD46A2C49D0A2D3CF7160726292,SHA256=7AC0FE224B03EA3568A9A6F74A8BC30064DBF1A73A22C4AC89120C669537B31E,IMPHASH=0AC7A1ED563A3C7C6706B591B9D8E120</Data> \n    <Data Name=\"Signed\">true</Data> \n    <Data Name=\"Signature\">VMware, Inc.</Data> \n    <Data Name=\"SignatureStatus\">Valid</Data> \n  </EventData>\n</Event>"}}, "8": {"meta": {"date": "04/26/2019", "log_type": "sysmon", "description": "The CreateRemoteThread event detects when a process creates a thread in another process.", "author": "Roberto Rodriguez (@Cyb3rWard0g)", "sysmon_version": "9.01", "title": "Event ID 8 - CreateRemoteThread", "sysmon_rule": "CreateRemoteThread"}, "description": {"text": "The CreateRemoteThread event detects when a process creates a thread in another process. This technique is used by malware to inject code and hide in other processes. The event indicates the source and target process. It gives information on the code that will be run in the new thread: StartAddress, StartModule and StartFunction. Note that StartModule and StartFunction fields are inferred, they might be empty if the starting address is outside loaded modules or known exported functions.", "links": [{"text": "Sysmon Source", "link": "https://docs.microsoft.com/en-us/sysinternals/downloads/sysmon#event-id-8-createremotethread"}]}, "title": "Event ID 8: CreateRemoteThread", "event_data": {"type": "xml", "data": "<Event xmlns=\"http://schemas.microsoft.com/win/2004/08/events/event\">\n  <System>\n    <Provider Name=\"Microsoft-Windows-Sysmon\" Guid=\"{5770385f-c22a-43e0-bf4c-06f5698ffbd9}\" /> \n    <EventID>8</EventID> \n    <Version>2</Version> \n    <Level>4</Level> \n    <Task>8</Task> \n    <Opcode>0</Opcode> \n    <Keywords>0x8000000000000000</Keywords> \n    <TimeCreated SystemTime=\"2019-04-27T00:10:32.379011500Z\" /> \n    <EventRecordID>3606757</EventRecordID> \n    <Correlation /> \n    <Execution ProcessID=\"2336\" ThreadID=\"3652\" /> \n    <Channel>Microsoft-Windows-Sysmon/Operational</Channel> \n    <Computer>DESKTOP-LFD11QP.RIVENDELL.local</Computer> \n    <Security UserID=\"S-1-5-18\" /> \n  </System>\n  <EventData>\n    <Data Name=\"RuleName\" /> \n    <Data Name=\"UtcTime\">2019-04-27 00:10:32.363</Data> \n    <Data Name=\"SourceProcessGuid\">{1c9fdc81-9d71-5cc3-0000-00109cad0000}</Data> \n    <Data Name=\"SourceProcessId\">604</Data> \n    <Data Name=\"SourceImage\">C:\\Windows\\System32\\csrss.exe</Data> \n    <Data Name=\"TargetProcessGuid\">{1c9fdc81-9d71-5cc3-0000-0010bbbc0000}</Data> \n    <Data Name=\"TargetProcessId\">804</Data> \n    <Data Name=\"TargetImage\">C:\\Windows\\System32\\services.exe</Data> \n    <Data Name=\"NewThreadId\">6992</Data> \n    <Data Name=\"StartAddress\">0x00007FFB26853970</Data> \n    <Data Name=\"StartModule\">C:\\WINDOWS\\System32\\KERNELBASE.dll</Data> \n    <Data Name=\"StartFunction\">CtrlRoutine</Data> \n  </EventData>\n</Event>"}, "data_dictionary": {"target_process_id": {"description": "Process ID used by the os to identify the target process", "field_name": "TargetProcessId", "type": "integer", "sample_value": 240}, "thread_start_module": {"description": "Start module determined from thread start address mapping to PEB loaded module list", "field_name": "StartModule", "type": "string", "sample_value": "C:\\WINDOWS\\System32\\KERNELBASE.dll"}, "thread_start_function": {"description": "Start function is reported if exact match to function in image export table", "field_name": "StartFunction", "type": "string", "sample_value": "CtrlRoutine"}, "target_process_path": {"description": "File path of the target process", "field_name": "TargetImage", "type": "string", "sample_value": "C:\\Windows\\System32\\cmd.exe"}, "thread_new_id": {"description": "Id of the new thread created in the target process", "field_name": "NewThreadId", "type": "integer", "sample_value": 2336}, "target_process_name": {"description": "File name of the target process", "field_name": "TargetImage", "type": "string", "sample_value": "cmd.exe"}, "event_creation_time": {"description": "Time in UTC when event was created", "field_name": "UtcTime", "type": "date", "sample_value": "4/11/18 5:25"}, "process_path": {"description": "File path of the source process that created a thread in another process", "field_name": "SourceImage", "type": "string", "sample_value": "C:\\Windows\\System32\\csrss.exe"}, "process_name": {"description": "The name of the executable for the source process that created a thread in another process", "field_name": "SourceImage", "type": "string", "sample_value": "csrss.exe"}, "target_process_guid": {"description": "Process Guid of the target process", "field_name": "TargetProcessGuid", "type": "string", "sample_value": "{A98268C1-9C2E-5ACD-0000-00100266AB00}"}, "process_id": {"description": "Process ID used by the os to identify the source process that created a thread in another process", "field_name": "SourceProcessId", "type": "integer", "sample_value": 684}, "process_guid": {"description": "Process Guid of the source process that created a thread in another process", "field_name": "SourceProcessGuid", "type": "string", "sample_value": "{A98268C1-9586-5ACD-0000-001070A20000}"}, "thread_start_address": {"description": "New thread start address", "field_name": "StartAddress", "type": "string", "sample_value": "0x00007FFA356A7E40"}}}, "20": {"description": {"text": "This event logs the registration of WMI consumers, recording the consumer name, log, and destination.", "links": [{"text": "Sysmon Source", "link": "https://docs.microsoft.com/en-us/sysinternals/downloads/sysmon#event-id-20-wmievent-wmieventconsumer-activity-detected"}]}, "event_log_illustration": {"image": {"height": 625, "alt": "Event 20 illustration", "width": 625, "link": "https://github.com/Cyb3rWard0g/OSSEM/blob/master/resources/images/event-20.png"}}, "meta": {"date": "04/26/2019", "log_type": "sysmon", "description": "This event logs the registration of WMI consumers, recording the consumer name, log, and destination.", "author": "Roberto Rodriguez (@Cyb3rWard0g)", "sysmon_version": "9.01", "title": "Event ID 20 - WmiEvent (WmiEventConsumer activity detected)", "sysmon_rule": "WmiEvent"}, "data_dictionary": {"tag": {"description": "custom tag mapped to event. i.e ATT&CK technique ID", "field_name": "RuleName", "type": "string", "sample_value": "T1114"}, "wmi_consumer_name": {"description": "name of the consumer created", "field_name": "Name", "type": "string", "sample_value": "Updater"}, "wmi_consumer_destination": {"description": "command of consumer", "field_name": "Destination", "type": "string", "sample_value": "C:\\WINDOWS\\System32\\WindowsPowerShell\\v1.0\\powershell.exe -nop -exec bypass -win hidden -noni -enc bm90ZXBhZC5leGU="}, "wmi_operation": {"description": "wmievent filter operation", "field_name": "Operation", "type": "string", "sample_value": "Created"}, "user_name": {"description": "user that created the wmi  consumer", "field_name": "User", "type": "string", "sample_value": "DESKTOP-LFD11QP\\pedro"}, "event_type": {"description": "wmievent type", "field_name": "EventType", "type": "string", "sample_value": "WmiConsumerEvent"}, "event_creation_time": {"description": "Time in UTC when event was created", "field_name": "UtcTime", "type": "date", "sample_value": "2018-09-11 23:12:46.606"}, "wmi_consumer_type": {"description": "Type of wmi consumer", "field_name": "Type", "type": "string", "sample_value": "Command Line"}}, "title": "Event ID 20: WmiEvent (WmiEventConsumer activity detected)", "event_data": {"type": "xml", "data": "<Event xmlns=\"http://schemas.microsoft.com/win/2004/08/events/event\">\n  <System>\n    <Provider Name=\"Microsoft-Windows-Sysmon\" Guid=\"{5770385f-c22a-43e0-bf4c-06f5698ffbd9}\" /> \n    <EventID>20</EventID> \n    <Version>3</Version> \n    <Level>4</Level> \n    <Task>20</Task> \n    <Opcode>0</Opcode> \n    <Keywords>0x8000000000000000</Keywords> \n    <TimeCreated SystemTime=\"2019-04-27T01:04:02.164205800Z\" /> \n    <EventRecordID>3631726</EventRecordID> \n    <Correlation /> \n    <Execution ProcessID=\"1432\" ThreadID=\"5672\" /> \n    <Channel>Microsoft-Windows-Sysmon/Operational</Channel> \n    <Computer>WARDOG.RIVENDELL.local</Computer> \n    <Security UserID=\"S-1-5-18\" /> \n  </System>\n  <EventData>\n    <Data Name=\"RuleName\" /> \n    <Data Name=\"EventType\">WmiConsumerEvent</Data> \n    <Data Name=\"UtcTime\">2019-04-27 01:04:02.164</Data> \n    <Data Name=\"Operation\">Created</Data> \n    <Data Name=\"User\">RIVENDELL\\cbrown</Data> \n    <Data Name=\"Name\">\"Updater\"</Data> \n    <Data Name=\"Type\">Command Line</Data> \n    <Data Name=\"Destination\">\"C:\\\\WINDOWS\\\\System32\\\\WindowsPowerShell\\\\v1.0\\\\powershell.exe -NonInteractive\"</Data> \n  </EventData>\n</Event>"}}, "10": {"description": {"text": "The process accessed event reports when a process opens another process, an operation that's often followed by information queries or reading and writing the address space of the target process. This enables detection of hacking tools that read the memory contents of processes like Local Security Authority (Lsass.exe) in order to steal credentials for use in Pass-the-Hash attacks. Enabling it can generate significant amounts of logging if there are diagnostic utilities active that repeatedly open processes to query their state, so it generally should only be done so with filters that remove expected accesses.", "links": [{"text": "Sysmon Source", "link": "https://docs.microsoft.com/en-us/sysinternals/downloads/sysmon#event-id-10-processaccess"}]}, "event_log_illustration": {"image": {"height": 625, "alt": "Event 10 illustration", "width": 625, "link": "https://github.com/Cyb3rWard0g/OSSEM/blob/master/resources/images/event-10.png"}}, "meta": {"date": "04/26/2019", "log_type": "sysmon", "description": "The process accessed event reports when a process opens another process.", "author": "Roberto Rodriguez (@Cyb3rWard0g)", "sysmon_version": "9.01", "title": "Event ID 10 - ProcessAccess", "sysmon_rule": "ProcessAccess"}, "data_dictionary": {"thread_id": {"description": "ID of the specific thread inside of the source process that opened another process", "field_name": "SourceThreadId", "type": "integer", "sample_value": 2804}, "target_process_id": {"description": "Process ID used by the os to identify the target process", "field_name": "TargetProcessId", "type": "integer", "sample_value": 2288}, "target_process_path": {"description": "File path of the target process", "field_name": "TargetImage", "type": "string", "sample_value": "C:\\ProgramData\\Microsoft\\Windows Defender\\platform\\4.12.17007.18022-0\\MsMpEng.exe"}, "process_path": {"description": "File path of the source process that created a thread in another process", "field_name": "SourceImage", "type": "string", "sample_value": "C:\\WINDOWS\\system32\\svchost.exe"}, "event_creation_time": {"description": "Time in UTC when event was created", "field_name": "UtcTime", "type": "date", "sample_value": "4/11/18 5:18"}, "target_process_name": {"description": "The name of the executable of the target process", "field_name": "TargetImage", "type": "string", "sample_value": "4.12.17007.18022-0\\MsMpEng.exe"}, "process_name": {"description": "The name of the executable for the source process that created a thread in another process", "field_name": "SourceImage", "type": "string", "sample_value": "svchost.exe"}, "process_granted_access": {"description": "The access flags (bitmask) associated with the process rights requested for the target process", "field_name": "GrantedAccess", "type": "string", "sample_value": "0x1000"}, "target_process_guid": {"description": "Process Guid of the target process", "field_name": "TargetProcessGuid", "type": "string", "sample_value": "{A98268C1-9597-5ACD-0000-00101D690200}"}, "process_call_trace": {"description": "Stack trace of where open process is called. Included is the DLL and the relative virtual address of the functions in the call stack right before the open process call", "field_name": "CallTrace", "type": "string", "sample_value": "C:\\WINDOWS\\SYSTEM32\\ntdll.dll+a0344 | C:\\WINDOWS\\System32\\KERNELBASE.dll+64794| c:\\windows\\system32\\lsm.dll+10e93| c:\\windows\\system32\\lsm.dll+f9ea| C:\\WINDOWS\\System32\\RPCRT4.dll+76d23| C:\\WINDOWS\\System32\\RPCRT4.dll+d9390| C:\\WINDOWS\\System32\\RPCRT4.dll+a81c| C:\\WINDOWS\\System32\\RPCRT4.dll+273b4| C:\\WINDOWS\\System32\\RPCRT4.dll+2654e| C:\\WINDOWS\\System32\\RPCRT4.dll+26cfb| C:\\WINDOWS\\System32\\RPCRT4.dll+3083f| C:\\WINDOWS\\System32\\RPCRT4.dll+313a6| C:\\WINDOWS\\System32\\RPCRT4.dll+2d12e| C:\\WINDOWS\\System32\\RPCRT4.dll+2e853| C:\\WINDOWS\\System32\\RPCRT4.dll+5cc68| C:\\WINDOWS\\SYSTEM32\\ntdll.dll+365ce| C:\\WINDOWS\\SYSTEM32\\ntdll.dll+34b46| C:\\WINDOWS\\System32\\KERNEL32.DLL+11fe4| C:\\WINDOWS\\SYSTEM32\\ntdll.dll+6efc1"}, "process_id": {"description": "Process ID used by the os to identify the source process that opened another process. Derived partially from the EPROCESS kernel structure", "field_name": "SourceProcessId", "type": "integer", "sample_value": 916}, "process_guid": {"description": "Process Guid of the source process that opened another process. It is derived from a truncated part of the machine GUID, the process start-time and the process token ID.", "field_name": "SourceProcessGuid", "type": "string", "sample_value": "{A98268C1-9587-5ACD-0000-001004C40000}"}}, "title": "Event ID 10: ProcessAccess", "event_data": {"type": "xml", "data": "<Event xmlns=\"http://schemas.microsoft.com/win/2004/08/events/event\">\n  <System>\n    <Provider Name=\"Microsoft-Windows-Sysmon\" Guid=\"{5770385f-c22a-43e0-bf4c-06f5698ffbd9}\" /> \n    <EventID>10</EventID> \n    <Version>3</Version> \n    <Level>4</Level> \n    <Task>10</Task> \n    <Opcode>0</Opcode> \n    <Keywords>0x8000000000000000</Keywords> \n    <TimeCreated SystemTime=\"2019-04-27T00:11:22.803959000Z\" /> \n    <EventRecordID>3611653</EventRecordID> \n    <Correlation /> \n    <Execution ProcessID=\"2332\" ThreadID=\"3784\" /> \n    <Channel>Microsoft-Windows-Sysmon/Operational</Channel> \n    <Computer>WARDOG.RIVENDELL.local</Computer> \n    <Security UserID=\"S-1-5-18\" /> \n  </System>\n  <EventData>\n    <Data Name=\"RuleName\" /> \n    <Data Name=\"UtcTime\">2019-04-27 00:11:22.789</Data> \n    <Data Name=\"SourceProcessGUID\">{1c9fdc81-9e18-5cc3-0000-00108c680100}</Data> \n    <Data Name=\"SourceProcessId\">1252</Data> \n    <Data Name=\"SourceThreadId\">2084</Data> \n    <Data Name=\"SourceImage\">C:\\WINDOWS\\system32\\svchost.exe</Data> \n    <Data Name=\"TargetProcessGUID\">{1c9fdc81-9e18-5cc3-0000-001021790100}</Data> \n    <Data Name=\"TargetProcessId\">1340</Data> \n    <Data Name=\"TargetImage\">C:\\WINDOWS\\system32\\svchost.exe</Data> \n    <Data Name=\"GrantedAccess\">0x1000</Data> \n    <Data Name=\"CallTrace\">C:\\WINDOWS\\SYSTEM32\\ntdll.dll+9fb54|C:\\WINDOWS\\System32\\KERNELBASE.dll+20d0e|c:\\windows\\system32\\fwbase.dll+16e5|c:\\windows\\system32\\fwbase.dll+1639|c:\\windows\\system32\\mpssvc.dll+e42d|c:\\windows\\system32\\mpssvc.dll+cf2b|c:\\windows\\system32\\mpssvc.dll+cca7|C:\\WINDOWS\\System32\\RPCRT4.dll+77803|C:\\WINDOWS\\System32\\RPCRT4.dll+db4a6|C:\\WINDOWS\\System32\\RPCRT4.dll+10d20|C:\\WINDOWS\\System32\\RPCRT4.dll+54a38|C:\\WINDOWS\\System32\\RPCRT4.dll+304b0|C:\\WINDOWS\\System32\\RPCRT4.dll+2fe5b|C:\\WINDOWS\\System32\\RPCRT4.dll+221ff|C:\\WINDOWS\\System32\\RPCRT4.dll+2165a|C:\\WINDOWS\\System32\\RPCRT4.dll+20c21|C:\\WINDOWS\\System32\\RPCRT4.dll+20692|C:\\WINDOWS\\System32\\RPCRT4.dll+17465|C:\\WINDOWS\\SYSTEM32\\ntdll.dll+4f4c0|C:\\WINDOWS\\SYSTEM32\\ntdll.dll+50348|C:\\WINDOWS\\System32\\KERNEL32.DLL+17974|C:\\WINDOWS\\SYSTEM32\\ntdll.dll+6a271</Data> \n  </EventData>\n</Event>"}}, "4": {"description": {"text": "The service state change event reports the state of the Sysmon service (started or stopped).", "links": [{"text": "Sysmon Source", "link": "https://docs.microsoft.com/en-us/sysinternals/downloads/sysmon#event-id-4-sysmon-service-state-changed"}]}, "event_log_illustration": {"image": {"height": 625, "alt": "Event 4 illustration", "width": 625, "link": "https://github.com/Cyb3rWard0g/OSSEM/blob/master/resources/images/event-4.png"}}, "meta": {"date": "04/26/2019", "log_type": "sysmon", "description": "The service state change event reports the state of the Sysmon service (started or stopped).", "author": "Roberto Rodriguez (@Cyb3rWard0g)", "sysmon_version": "9.01", "title": "Event ID 4 - Sysmon service state changed", "sysmon_rule": "cannot be filtered"}, "data_dictionary": {"service_state": {"description": "sysmon service state (i.e. stopped)", "field_name": "State", "type": "string", "sample_value": "Stopped"}, "sysmon_schema_version": {"description": "sysmon config schema version", "field_name": "SchemaVersion", "type": "string", "sample_value": "4"}, "file_version": {"description": "sysmon version", "field_name": "Version", "type": "string", "sample_value": "7.01"}, "event_creation_time": {"description": "Time in UTC when event was created", "field_name": "UtcTime", "type": "date", "sample_value": "4/11/18 5:36"}}, "title": "Event ID 4: Sysmon service state changed", "event_data": {"type": "xml", "data": "<Event xmlns=\"http://schemas.microsoft.com/win/2004/08/events/event\">\n  <System>\n    <Provider Name=\"Microsoft-Windows-Sysmon\" Guid=\"{5770385f-c22a-43e0-bf4c-06f5698ffbd9}\" /> \n    <EventID>4</EventID> \n    <Version>3</Version> \n    <Level>4</Level> \n    <Task>4</Task> \n    <Opcode>0</Opcode> \n    <Keywords>0x8000000000000000</Keywords> \n    <TimeCreated SystemTime=\"2019-04-27T00:11:19.522529500Z\" /> \n    <EventRecordID>3606988</EventRecordID> \n    <Correlation /> \n    <Execution ProcessID=\"2332\" ThreadID=\"3784\" /> \n    <Channel>Microsoft-Windows-Sysmon/Operational</Channel> \n    <Computer>WARDOG.RIVENDELL.local</Computer> \n    <Security UserID=\"S-1-5-18\" /> \n  </System>\n  <EventData>\n    <Data Name=\"UtcTime\">2019-04-27 00:11:19.522</Data> \n    <Data Name=\"State\">Started</Data> \n    <Data Name=\"Version\">9.01</Data> \n    <Data Name=\"SchemaVersion\">4.20</Data> \n  </EventData>\n</Event>"}}, "11": {"description": {"text": "File create operations are logged when a file is created or overwritten. This event is useful for monitoring autostart locations, like the Startup folder, as well as temporary and download directories, which are common places malware drops during initial infection.", "links": [{"text": "Sysmon Source", "link": "https://docs.microsoft.com/en-us/sysinternals/downloads/sysmon#event-id-11-filecreate"}]}, "event_log_illustration": {"image": {"height": 625, "alt": "Event 11 illustration", "width": 625, "link": "https://github.com/Cyb3rWard0g/OSSEM/blob/master/resources/images/event-11.png"}}, "meta": {"date": "04/26/2019", "log_type": "sysmon", "description": "File create operations are logged when a file is created or overwritten.", "author": "Roberto Rodriguez (@Cyb3rWard0g)", "sysmon_version": "9.01", "title": "Event ID 11 - FileCreate", "sysmon_rule": "FileCreate"}, "data_dictionary": {"file_creation_time": {"description": "File creation time", "field_name": "CreationUtcTime", "type": "date", "sample_value": "12/4/17 17:38"}, "event_creation_time": {"description": "Time in UTC when event was created", "field_name": "UtcTime", "type": "date", "sample_value": "4/11/18 6:01"}, "process_id": {"description": "Process ID used by the os to identify the process that created the file (child)", "field_name": "ProcessId", "type": "integer", "sample_value": 1044}, "process_guid": {"description": "Process Guid of the process that created the file", "field_name": "ProcessGuid", "type": "string", "sample_value": "{A98268C1-958A-5ACD-0000-0010C62F0100}"}, "process_name": {"description": "File path of the process that created the file", "field_name": "Image", "type": "string", "sample_value": "C:\\WINDOWS\\System32\\svchost.exe"}, "file_name": {"description": "Name of the file", "field_name": "TargetFilename", "type": "string", "sample_value": "C:\\Windows\\Prefetch\\CONHOST.EXE-1F3E9D7E.pf"}}, "title": "Event ID 11: FileCreate", "event_data": {"type": "xml", "data": "<Event xmlns=\"http://schemas.microsoft.com/win/2004/08/events/event\">\n  <System>\n    <Provider Name=\"Microsoft-Windows-Sysmon\" Guid=\"{5770385f-c22a-43e0-bf4c-06f5698ffbd9}\" /> \n    <EventID>11</EventID> \n    <Version>2</Version> \n    <Level>4</Level> \n    <Task>11</Task> \n    <Opcode>0</Opcode> \n    <Keywords>0x8000000000000000</Keywords> \n    <TimeCreated SystemTime=\"2019-04-27T00:11:22.786128800Z\" /> \n    <EventRecordID>3611638</EventRecordID> \n    <Correlation /> \n    <Execution ProcessID=\"2332\" ThreadID=\"3784\" /> \n    <Channel>Microsoft-Windows-Sysmon/Operational</Channel> \n    <Computer>WARDOG.RIVENDELL.local</Computer> \n    <Security UserID=\"S-1-5-18\" /> \n  </System>\n  <EventData>\n    <Data Name=\"RuleName\" /> \n    <Data Name=\"UtcTime\">2019-04-27 00:11:22.756</Data> \n    <Data Name=\"ProcessGuid\">{1c9fdc81-9e27-5cc3-0000-0010116d0600}</Data> \n    <Data Name=\"ProcessId\">3832</Data> \n    <Data Name=\"Image\">C:\\WINDOWS\\system32\\WerFault.exe</Data> \n    <Data Name=\"TargetFilename\">C:\\ProgramData\\Microsoft\\Windows\\WER\\ReportArchive\\AppCrash_Sysmon.exe_16b56163a540d67bfc0dd95fd4d37fd83fe58dd_e290769b_0ef86f73\\Report.wer</Data> \n    <Data Name=\"CreationUtcTime\">2019-04-27 00:11:22.756</Data> \n  </EventData>\n</Event>"}}, "7": {"description": {"text": "The image loaded event logs when a module is loaded in a specific process. This event is disabled by default and needs to be configured with the -l option. It indicates the process in which the module is loaded, hashes and signature information. The signature is created asynchronously for performance reasons and indicates if the file was removed after loading. This event should be configured carefully, as monitoring all image load events will generate a large number of events.", "links": [{"text": "Sysmon Source", "link": "https://docs.microsoft.com/en-us/sysinternals/downloads/sysmon#event-id-7-image-loaded"}]}, "event_log_illustration": {"image": {"height": 625, "alt": "Event 7 illustration", "width": 625, "link": "https://github.com/Cyb3rWard0g/OSSEM/blob/master/resources/images/event-7.png"}}, "meta": {"date": "04/26/2019", "log_type": "sysmon", "description": "The image loaded event logs when a module is loaded in a specific process.", "author": "Roberto Rodriguez (@Cyb3rWard0g)", "sysmon_version": "9.01", "title": "Event ID 7 - Image loaded", "sysmon_rule": "ImageLoad"}, "data_dictionary": {"module_is_signed": {"description": "is the image loaded signed", "field_name": "Signed", "type": "boolean", "sample_value": "TRUE"}, "module_signature": {"description": "The signer", "field_name": "Signature", "type": "string", "sample_value": "Microsoft Corporation"}, "module_signature_status": {"description": "status of the signature (i.e valid)", "field_name": "SignatureStatus", "type": "string", "sample_value": "Valid"}, "event_creation_time": {"description": "Time in UTC when event was created", "field_name": "UtcTime", "type": "date", "sample_value": "4/11/18 5:46"}, "file_description": {"description": "Description of the image loaded", "field_name": "Description", "type": "string", "sample_value": "Windows NT CRT DLL"}, "file_product": {"description": "Product name the image loaded belongs to", "field_name": "Product", "type": "string", "sample_value": "Microsoft\u00ae Windows\u00ae Operating System"}, "process_name": {"description": "File path of the process that loaded the image", "field_name": "Image", "type": "string", "sample_value": "C:\\Windows\\System32\\cmd.exe"}, "module_loaded": {"description": "full path of the image loaded", "field_name": "ImageLoaded", "type": "string", "sample_value": "C:\\Windows\\System32\\msvcrt.dll"}, "process_id": {"description": "Process ID used by the os to identify the process that loaded the image", "field_name": "ProcessId", "type": "integer", "sample_value": 3532}, "file_version": {"description": "Version of the image loaded", "field_name": "FileVersion", "type": "string", "sample_value": "7.0.16299.125 (WinBuild.160101.0800)"}, "file_company": {"description": "Company name the image loaded belongs to", "field_name": "Company", "type": "string", "sample_value": "Microsoft Corporation"}, "process_guid": {"description": "Process Guid of the process that loaded the image", "field_name": "ProcessGuid", "type": "string", "sample_value": "{A98268C1-A12A-5ACD-0000-0010E4C8B300}"}, "hash": {"description": "hash is a full hash of the file with the algorithms in the HashType field", "field_name": "Hashes", "type": "string", "sample_value": "SHA1=AEB9839D02C99A3E7EED1F12671C3F827221EDF8, MD5=68195105C7D9A2B5DF5BB82ECA521092, SHA256=556FF2B03495E2117223E5697B54253F30BD10ED3C67468947D79945168A624A, IMPHASH=C16CC99941EF5E18707133A2532B7D0C"}}, "title": "Event ID 7: Image loaded", "event_data": {"type": "xml", "data": "<Event xmlns=\"http://schemas.microsoft.com/win/2004/08/events/event\">\n  <System>\n    <Provider Name=\"Microsoft-Windows-Sysmon\" Guid=\"{5770385f-c22a-43e0-bf4c-06f5698ffbd9}\" /> \n    <EventID>7</EventID> \n    <Version>3</Version> \n    <Level>4</Level> \n    <Task>7</Task> \n    <Opcode>0</Opcode> \n    <Keywords>0x8000000000000000</Keywords> \n    <TimeCreated SystemTime=\"2019-04-27T00:11:22.874806200Z\" /> \n    <EventRecordID>3611661</EventRecordID> \n    <Correlation /> \n    <Execution ProcessID=\"2332\" ThreadID=\"3796\" /> \n    <Channel>Microsoft-Windows-Sysmon/Operational</Channel> \n    <Computer>WARDOG.RIVENDELL.local</Computer> \n    <Security UserID=\"S-1-5-18\" /> \n  </System>\n  <EventData>\n    <Data Name=\"RuleName\" /> \n    <Data Name=\"UtcTime\">2019-04-27 00:11:02.553</Data> \n    <Data Name=\"ProcessGuid\">{1c9fdc81-9e16-5cc3-0000-001062ac0000}</Data> \n    <Data Name=\"ProcessId\">608</Data> \n    <Data Name=\"Image\">C:\\Windows\\System32\\csrss.exe</Data> \n    <Data Name=\"ImageLoaded\">C:\\Windows\\System32\\sxssrv.dll</Data> \n    <Data Name=\"FileVersion\">10.0.17763.437 (WinBuild.160101.0800)</Data> \n    <Data Name=\"Description\">Windows SxS Server DLL</Data> \n    <Data Name=\"Product\">Microsoft\u00ae Windows\u00ae Operating System</Data> \n    <Data Name=\"Company\">Microsoft Corporation</Data> \n    <Data Name=\"Hashes\">SHA1=96BAC143846FCA945A5535DD2F96E3DFA322322F,MD5=B08257DDEACDEFFFCF91A743795CBF11,SHA256=6935D53B5F05833E76F87CA3A2A5C5B5D0EE05DD7953487492C8EDCC9E5F6F8F,IMPHASH=4BF8E692F4BD33947C8B7B301408157E</Data> \n    <Data Name=\"Signed\">true</Data> \n    <Data Name=\"Signature\">Microsoft Windows</Data> \n    <Data Name=\"SignatureStatus\">Valid</Data> \n  </EventData>\n</Event>"}}, "sysmon9_0_1.tar.gz": null, "21": {"description": {"text": "When a consumer binds to a filter, this event logs the consumer name and filter path.", "links": [{"text": "Sysmon Source", "link": "https://docs.microsoft.com/en-us/sysinternals/downloads/sysmon#event-id-21-wmievent-wmieventconsumertofilter-activity-detected"}]}, "event_log_illustration": {"image": {"height": 625, "alt": "Event 21 illustration", "width": 625, "link": "https://github.com/Cyb3rWard0g/OSSEM/blob/master/resources/images/event-21.png"}}, "meta": {"date": "04/26/2019", "log_type": "sysmon", "description": "When a consumer binds to a filter, this event logs the consumer name and filter path.", "author": "Roberto Rodriguez (@Cyb3rWard0g)", "sysmon_version": "9.01", "title": "Event ID 21 - WmiEvent (WmiEventConsumerToFilter activity detected)", "sysmon_rule": "WmiEvent"}, "data_dictionary": {"tag": {"description": "custom tag mapped to event. i.e ATT&CK technique ID", "field_name": "RuleName", "type": "string", "sample_value": "T1114"}, "wmi_operation": {"description": "wmievent filter operation", "field_name": "Operation", "type": "string", "sample_value": "Created"}, "user_name": {"description": "user that created the wmi filter", "field_name": "User", "type": "string", "sample_value": "DESKTOP-LFD11QP\\pedro"}, "wmi_consumer_path": {"description": "Consumer created to bind", "field_name": "Consumer", "type": "string", "sample_value": "CommandLineEventConsumer.Name=\\\"Updater\\\""}, "event_type": {"description": "wmievent type", "field_name": "EventType", "type": "string", "sample_value": "WmiBindingEvent"}, "event_creation_time": {"description": "Time in UTC when event was created", "field_name": "UtcTime", "type": "date", "sample_value": "2018-09-12 00:47:16.997"}, "wmi_filter_path": {"description": "Filter created to bind", "field_name": "Filter", "type": "string", "sample_value": "__EventFilter.Name=\\\"Updater\\\""}}, "title": "Event ID 21: WmiEvent (WmiEventConsumerToFilter activity detected)", "event_data": {"type": "xml", "data": "<Event xmlns=\"http://schemas.microsoft.com/win/2004/08/events/event\">\n  <System>\n    <Provider Name=\"Microsoft-Windows-Sysmon\" Guid=\"{5770385f-c22a-43e0-bf4c-06f5698ffbd9}\" /> \n    <EventID>21</EventID> \n    <Version>3</Version> \n    <Level>4</Level> \n    <Task>21</Task> \n    <Opcode>0</Opcode> \n    <Keywords>0x8000000000000000</Keywords> \n    <TimeCreated SystemTime=\"2019-04-27T01:04:06.885559700Z\" /> \n    <EventRecordID>3633050</EventRecordID> \n    <Correlation /> \n    <Execution ProcessID=\"1432\" ThreadID=\"5672\" /> \n    <Channel>Microsoft-Windows-Sysmon/Operational</Channel> \n    <Computer>WARDOG.RIVENDELL.local</Computer> \n    <Security UserID=\"S-1-5-18\" /> \n  </System>\n  <EventData>\n    <Data Name=\"RuleName\" /> \n    <Data Name=\"EventType\">WmiBindingEvent</Data> \n    <Data Name=\"UtcTime\">2019-04-27 01:04:06.885</Data> \n    <Data Name=\"Operation\">Created</Data> \n    <Data Name=\"User\">RIVENDELL\\cbrown</Data> \n    <Data Name=\"Consumer\">\"CommandLineEventConsumer.Name=\\\"Updater\\\"\"</Data> \n    <Data Name=\"Filter\">\"__EventFilter.Name=\\\"Updater\\\"\"</Data> \n  </EventData>\n</Event>"}}, "2": {"description": {"text": "The change file creation time event is registered when a file creation time is explicitly modified by a process. This event helps tracking the real creation time of a file. Attackers may change the file creation time of a backdoor to make it look like it was installed with the operating system. Note that many processes legitimately change the creation time of a file; it does not necessarily indicate malicious activity.", "links": [{"text": "Sysmon Source", "link": "https://docs.microsoft.com/en-us/sysinternals/downloads/sysmon#event-id-2-a-process-changed-a-file-creation-time"}]}, "event_log_illustration": {"image": {"height": 625, "alt": "Event 2 illustration", "width": 625, "link": "https://github.com/Cyb3rWard0g/OSSEM/blob/master/resources/images/event-2.png"}}, "meta": {"date": "04/26/2019", "log_type": "sysmon", "description": "The change file creation time event is registered when a file creation time is explicitly modified by a process.", "author": "Roberto Rodriguez (@Cyb3rWard0g)", "sysmon_version": "9.01", "title": "Event ID 2 - A process changed a file creation time", "sysmon_rule": "FileCreateTime"}, "data_dictionary": {"file_previous_creation_time": {"description": "previous creation time of the file", "field_name": "PreviousCreationUtcTime", "type": "date", "sample_value": "4/11/18 5:04"}, "filte_name": {"description": "full path name of the file", "field_name": "TargetFilename", "type": "string", "sample_value": "C:\\Users\\wardog\\AppData\\Roaming\\Microsoft\\Windows\\Recent\\CustomDestinations\\7G23PHTPHSQ3S2RVKKPS.temp"}, "file_creation_time": {"description": "new creation time of the file", "field_name": "CreationUtcTime", "type": "date", "sample_value": "11/13/17 16:57"}, "event_date_creation": {"description": "Time in UTC when event was created", "field_name": "UtcTime", "type": "date", "sample_value": "4/11/18 5:04"}, "process_id": {"description": "Process ID used by the os to identify the process changing the file creation time", "field_name": "ProcessId", "type": "integer", "sample_value": 1252}, "process_guid": {"description": "Process Guid of the process that changed the file creation time", "field_name": "ProcessGuid", "type": "string", "sample_value": "{A98268C1-975A-5ACD-0000-0010DB073A00}"}, "process_name": {"description": "File path of the process that changed the file creation time", "field_name": "Image", "type": "string", "sample_value": "C:\\Windows\\System32\\WindowsPowerShell\\v1.0\\powershell.exe"}}, "title": "Event ID 2: A process changed a file creation time", "event_data": {"type": "xml", "data": "<Event xmlns=\"http://schemas.microsoft.com/win/2004/08/events/event\">\n  <System>\n    <Provider Name=\"Microsoft-Windows-Sysmon\" Guid=\"{5770385f-c22a-43e0-bf4c-06f5698ffbd9}\" /> \n    <EventID>2</EventID> \n    <Version>4</Version> \n    <Level>4</Level> \n    <Task>2</Task> \n    <Opcode>0</Opcode> \n    <Keywords>0x8000000000000000</Keywords> \n    <TimeCreated SystemTime=\"2019-04-27T00:10:30.035445300Z\" /> \n    <EventRecordID>3605382</EventRecordID> \n    <Correlation /> \n    <Execution ProcessID=\"2336\" ThreadID=\"3652\" /> \n    <Channel>Microsoft-Windows-Sysmon/Operational</Channel> \n    <Computer>DESKTOP-LFD11QP.RIVENDELL.local</Computer> \n    <Security UserID=\"S-1-5-18\" /> \n  </System>\n  <EventData>\n    <Data Name=\"RuleName\" /> \n    <Data Name=\"UtcTime\">2019-04-27 00:10:30.008</Data> \n    <Data Name=\"ProcessGuid\">{1c9fdc81-9dc6-5cc3-0000-0010604f1300}</Data> \n    <Data Name=\"ProcessId\">6944</Data> \n    <Data Name=\"Image\">C:\\Users\\cbrown\\AppData\\Local\\Microsoft\\OneDrive\\OneDrive.exe</Data> \n    <Data Name=\"TargetFilename\">C:\\Users\\cbrown\\AppData\\Local\\Microsoft\\OneDrive\\settings\\Personal\\global.temp.ini</Data> \n    <Data Name=\"CreationUtcTime\">2018-10-21 00:54:18.030</Data> \n    <Data Name=\"PreviousCreationUtcTime\">2018-10-21 00:54:18.030</Data> \n  </EventData>\n</Event>"}}, "17": {"description": {"text": "This event generates when a named pipe is created. Malware often uses named pipes for interprocess communication.", "links": [{"text": "Sysmon Source", "link": "https://docs.microsoft.com/en-us/sysinternals/downloads/sysmon#event-id-17-pipeevent-pipe-created"}]}, "event_log_illustration": {"image": {"height": 625, "alt": "Event 17 illustration", "width": 625, "link": "https://github.com/Cyb3rWard0g/OSSEM/blob/master/resources/images/event-17.png"}}, "meta": {"date": "04/26/2019", "log_type": "sysmon", "description": "This event generates when a named pipe is created.", "author": "Roberto Rodriguez (@Cyb3rWard0g)", "sysmon_version": "9.01", "title": "Event ID 17 - PipeEvent (Pipe Created)", "sysmon_rule": "PipeEvent"}, "data_dictionary": {"process_id": {"description": "Process ID used by the os to identify the process that created the pipe", "field_name": "ProcessId", "type": "integer", "sample_value": 1224}, "event_creation_time": {"description": "Time in UTC when event was created", "field_name": "UtcTime", "type": "date", "sample_value": "4/11/18 6:21"}, "process_guid": {"description": "Process Guid of the process that created the pipe", "field_name": "ProcessGuid", "type": "string", "sample_value": "{A98268C1-A968-5ACD-0000-0010BD4EC200}"}, "process_name": {"description": "File path of the process that created the pipe", "field_name": "Image", "type": "string", "sample_value": "C:\\WINDOWS\\system32\\cmd.exe"}, "pipe_name": {"description": "Name of the pipe created", "field_name": "PipeName", "type": "string", "sample_value": "Anonymous Pipe"}}, "title": "Event ID 17: PipeEvent (Pipe Created)", "event_data": {"type": "xml", "data": "<Event xmlns=\"http://schemas.microsoft.com/win/2004/08/events/event\">\n  <System>\n    <Provider Name=\"Microsoft-Windows-Sysmon\" Guid=\"{5770385f-c22a-43e0-bf4c-06f5698ffbd9}\" /> \n    <EventID>17</EventID> \n    <Version>1</Version> \n    <Level>4</Level> \n    <Task>17</Task> \n    <Opcode>0</Opcode> \n    <Keywords>0x8000000000000000</Keywords> \n    <TimeCreated SystemTime=\"2019-04-27T00:11:22.711620600Z\" /> \n    <EventRecordID>3611610</EventRecordID> \n    <Correlation /> \n    <Execution ProcessID=\"2332\" ThreadID=\"3784\" /> \n    <Channel>Microsoft-Windows-Sysmon/Operational</Channel> \n    <Computer>WARDOG.RIVENDELL.local</Computer> \n    <Security UserID=\"S-1-5-18\" /> \n  </System>\n  <EventData>\n    <Data Name=\"RuleName\" /> \n    <Data Name=\"UtcTime\">2019-04-27 00:11:22.672</Data> \n    <Data Name=\"ProcessGuid\">{1c9fdc81-9e18-5cc3-0000-001021790100}</Data> \n    <Data Name=\"ProcessId\">1340</Data> \n    <Data Name=\"PipeName\">\\browser</Data> \n    <Data Name=\"Image\">C:\\WINDOWS\\system32\\svchost.exe</Data> \n  </EventData>\n</Event>"}}, "5": {"description": {"text": "The process terminate event reports when a process terminates. It provides the UtcTime, ProcessGuid and ProcessId of the process.", "links": [{"text": "Sysmon Source", "link": "https://docs.microsoft.com/en-us/sysinternals/downloads/sysmon#event-id-5-process-terminated"}]}, "event_log_illustration": {"image": {"height": 625, "alt": "Event 5 illustration", "width": 625, "link": "https://github.com/Cyb3rWard0g/OSSEM/blob/master/resources/images/event-5.png"}}, "meta": {"date": "04/26/2019", "log_type": "sysmon", "description": "The process terminate event reports when a process terminates.", "author": "Roberto Rodriguez (@Cyb3rWard0g)", "sysmon_version": "9.01", "title": "Event ID 5 - Process terminated", "sysmon_rule": "ProcessTerminate"}, "data_dictionary": {"process_id": {"description": "Process ID used by the os to identify the process that terminated", "field_name": "ProcessId", "type": "integer", "sample_value": 2428}, "process_path": {"description": "File path of the process that terminated", "field_name": "Image", "type": "string", "sample_value": "C:\\Windows\\System32\\backgroundTaskHost.exe"}, "event_creation_time": {"description": "Time in UTC when event was created", "field_name": "UtcTime", "type": "date", "sample_value": "4/11/18 5:37"}, "process_guid": {"description": "Process Guid of the process that terminated", "field_name": "ProcessGuid", "type": "string", "sample_value": "{A98268C1-9ECD-5ACD-0000-0010EF6BAF00}"}, "process_name": {"description": "The name of the executable of the process that terminated", "field_name": "Image", "type": "string", "sample_value": "backgroundTaskHost.exe"}}, "title": "Event ID 5: Process terminated", "event_data": {"type": "xml", "data": "<Event xmlns=\"http://schemas.microsoft.com/win/2004/08/events/event\">\n  <System>\n    <Provider Name=\"Microsoft-Windows-Sysmon\" Guid=\"{5770385f-c22a-43e0-bf4c-06f5698ffbd9}\" /> \n    <EventID>5</EventID> \n    <Version>3</Version> \n    <Level>4</Level> \n    <Task>5</Task> \n    <Opcode>0</Opcode> \n    <Keywords>0x8000000000000000</Keywords> \n    <TimeCreated SystemTime=\"2019-04-27T00:50:17.341188700Z\" /> \n    <EventRecordID>3620347</EventRecordID> \n    <Correlation /> \n    <Execution ProcessID=\"1432\" ThreadID=\"6344\" /> \n    <Channel>Microsoft-Windows-Sysmon/Operational</Channel> \n    <Computer>WARDOG.RIVENDELL.local</Computer> \n    <Security UserID=\"S-1-5-18\" /> \n  </System>\n  <EventData>\n    <Data Name=\"RuleName\" /> \n    <Data Name=\"UtcTime\">2019-04-27 00:50:02.357</Data> \n    <Data Name=\"ProcessGuid\">{1c9fdc81-a73a-5cc3-0000-001029ad5f00}</Data> \n    <Data Name=\"ProcessId\">4472</Data> \n    <Data Name=\"Image\">C:\\Windows\\System32\\rundll32.exe</Data> \n  </EventData>\n</Event>"}}, "14": {"description": {"text": "Registry key and value rename operations map to this event type, recording the new name of the key or value that was renamed.", "links": [{"text": "Sysmon Source", "link": "https://docs.microsoft.com/en-us/sysinternals/downloads/sysmon#event-id-14-registryevent-key-and-value-rename"}]}, "event_log_illustration": {"image": {"height": 625, "alt": "Event 14 illustration", "width": 625, "link": "https://github.com/Cyb3rWard0g/OSSEM/blob/master/resources/images/event-14.png"}}, "meta": {"date": "04/26/2019", "log_type": "sysmon", "description": "Registry key and value rename operations map to this event type.", "author": "Roberto Rodriguez (@Cyb3rWard0g)", "sysmon_version": "9.01", "title": "Event ID 14 - RegistryEvent (Key and Value Rename)", "sysmon_rule": "RegistryEvent"}, "data_dictionary": {"registry_key_new_name": {"description": "new name of the registry key", "field_name": "NewName", "type": "string", "sample_value": "\\REGISTRY\\MACHINE\\SOFTWARE\\Microsoft\\Windows\\CurrentVersion\\Run\\hello"}, "event_type": {"description": "registry event. Registry key and value renamed", "field_name": "EventType", "type": "string", "sample_value": "RenameKey"}, "event_creation_time": {"description": "Time in UTC when event was created", "field_name": "UtcTime", "type": "date", "sample_value": "4/11/18 6:04"}, "process_id": {"description": "Process ID used by the os to identify the process that renamed a registry value and key", "field_name": "ProcessId", "type": "integer", "sample_value": 4624}, "process_guid": {"description": "Process Guid of the process that renamed a registry value and key", "field_name": "ProcessGuid", "type": "string", "sample_value": "{A98268C1-95F9-5ACD-0000-001025861000}"}, "process_name": {"description": "File path of the process that renamed a registry value and key", "field_name": "Image", "type": "string", "sample_value": "C:\\WINDOWS\\Explorer.EXE"}, "registry_key_path": {"description": "complete path of the registry key", "field_name": "TargetObject", "type": "string", "sample_value": "HKLM\\SOFTWARE\\Microsoft\\Windows\\CurrentVersion\\Run\\New Key #1"}}, "title": "Event ID 14: RegistryEvent (Key and Value Rename)", "event_data": {"type": "xml", "data": "<Event xmlns=\"http://schemas.microsoft.com/win/2004/08/events/event\">\n  <System>\n    <Provider Name=\"Microsoft-Windows-Sysmon\" Guid=\"{5770385f-c22a-43e0-bf4c-06f5698ffbd9}\" /> \n    <EventID>14</EventID> \n    <Version>2</Version> \n    <Level>4</Level> \n    <Task>14</Task> \n    <Opcode>0</Opcode> \n    <Keywords>0x8000000000000000</Keywords> \n    <TimeCreated SystemTime=\"2019-04-27T00:55:25.938142200Z\" /> \n    <EventRecordID>3623832</EventRecordID> \n    <Correlation /> \n    <Execution ProcessID=\"1432\" ThreadID=\"6344\" /> \n    <Channel>Microsoft-Windows-Sysmon/Operational</Channel> \n    <Computer>WARDOG.RIVENDELL.local</Computer> \n    <Security UserID=\"S-1-5-18\" /> \n  </System>\n  <EventData>\n    <Data Name=\"RuleName\" /> \n    <Data Name=\"EventType\">RenameKey</Data> \n    <Data Name=\"UtcTime\">2019-04-27 00:55:25.926</Data> \n    <Data Name=\"ProcessGuid\">{1c9fdc81-a79f-5cc3-0000-001084f96100}</Data> \n    <Data Name=\"ProcessId\">2904</Data> \n    <Data Name=\"Image\">C:\\WINDOWS\\regedit.exe</Data> \n    <Data Name=\"TargetObject\">HKLM\\SOFTWARE\\Microsoft\\Windows\\CurrentVersion\\RunOnce\\New Key #1</Data> \n    <Data Name=\"NewName\">HKLM\\SOFTWARE\\Microsoft\\Windows\\CurrentVersion\\RunOnce\\wardog</Data> \n  </EventData>\n</Event>"}}, "255": {"meta": {"date": "04/26/2019", "log_type": "sysmon", "description": "", "author": "Roberto Rodriguez (@Cyb3rWard0g)", "sysmon_version": "9.01", "title": "Event ID 255 - Error Report", "sysmon_rule": "WmiEvent"}, "description": {"text": "Event Log Illustration"}, "title": "Event ID 255: Error Report", "event_data": {"type": "xml", "data": "<Event xmlns=\"http://schemas.microsoft.com/win/2004/08/events/event\">\n  <System>\n    <Provider Name=\"Microsoft-Windows-Sysmon\" Guid=\"{5770385f-c22a-43e0-bf4c-06f5698ffbd9}\" /> \n    <EventID>255</EventID> \n    <Version>3</Version> \n    <Level>2</Level> \n    <Task>255</Task> \n    <Opcode>0</Opcode> \n    <Keywords>0x8000000000000000</Keywords> \n    <TimeCreated SystemTime=\"2019-04-27T00:10:34.262645100Z\" /> \n    <EventRecordID>3606985</EventRecordID> \n    <Correlation /> \n    <Execution ProcessID=\"2336\" ThreadID=\"3124\" /> \n    <Channel>Microsoft-Windows-Sysmon/Operational</Channel> \n    <Computer>WARDOG.RIVENDELL.local</Computer> \n    <Security UserID=\"S-1-5-18\" /> \n  </System>\n  <EventData>\n    <Data Name=\"UtcTime\">2019-04-27 00:10:34.254</Data> \n    <Data Name=\"ID\">GetConfigurationOptions</Data> \n    <Data Name=\"Description\">Failed to open service configuration with error 19</Data> \n  </EventData>\n</Event>"}, "eve