: {"event_log_illustration": {"image": {"width": 625, "alt": "Event 9 illustration", "height": 625, "link": "https://github.com/Cyb3rWard0g/OSSEM/blob/master/resources/images/event-9.png"}}, "data_dictionary": {"process_name": {"field_name": "Image", "type": "string", "sample_value": "C:\\Windows\\System32\\svchost.exe", "description": "File path of the process that conducted reading operations from the drive"}, "process_guid": {"field_name": "ProcessGuid", "type": "string", "sample_value": "{A98268C1-959B-5ACD-0000-0010EFD50200}", "description": "Process Guid of the process that conducted reading operations from the drive"}, "event_creation_time": {"field_name": "UtcTime", "type": "date", "sample_value": "4/11/18 5:51", "description": "Time in UTC when event was created"}, "target_device": {"field_name": "Device", "type": "string", "sample_value": "\\Device\\HarddiskVolume2", "description": "Target device"}, "process_id": {"field_name": "ProcessId", "type": "integer", "sample_value": 2708, "description": "Process ID used by the os to identify the process that conducted reading operations from the drive"}}, "description": {"text": "The RawAccessRead event detects when a process conducts reading operations from the drive using the ", "links": [{"text": "Sysmon Source", "link": "https://docs.microsoft.com/en-us/sysinternals/downloads/sysmon#event-id-9-rawaccessread"}]}, "title": "Event ID 9: RawAccessRead", "meta": {"date": "04/11/2018", "title": "Event ID 9 - RawAccessRead", "description": "The RawAccessRead event detects when a process conducts reading operations from the drive using the"}, "event_data": {"type": "xml", "data": "<Event xmlns=\"http://schemas.microsoft.com/win/2004/08/events/event\">\n  <System>\n    <Provider Name=\"Microsoft-Windows-Sysmon\" Guid=\"{5770385F-C22A-43E0-BF4C-06F5698FFBD9}\" /> \n    <EventID>9</EventID> \n    <Version>2</Version> \n    <Level>4</Level> \n    <Task>9</Task> \n    <Opcode>0</Opcode> \n    <Keywords>0x8000000000000000</Keywords> \n    <TimeCreated SystemTime=\"2018-04-11T05:51:46.575087700Z\" /> \n    <EventRecordID>11758084</EventRecordID> \n    <Correlation /> \n    <Execution ProcessID=\"6028\" ThreadID=\"4132\" /> \n    <Channel>Microsoft-Windows-Sysmon/Operational</Channel> \n    <Computer>DESKTOP-WARDOG</Computer> \n    <Security UserID=\"S-1-5-18\" /> \n  </System>\n  <EventData>\n    <Data Name=\"UtcTime\">2018-04-11 05:51:46.571</Data> \n    <Data Name=\"ProcessGuid\">{A98268C1-959B-5ACD-0000-0010EFD50200}</Data> \n    <Data Name=\"ProcessId\">2708</Data> \n    <Data Name=\"Image\">C:\\Windows\\System32\\svchost.exe</Data> \n    <Data Name=\"Device\">\\Device\\HarddiskVolume2</Data> \n    </EventData>\n</Event>"}}, "21": {"event_log_illustration": {"image": {"width": 625, "alt": "Event 21 illustration", "height": 625, "link": "https://github.com/Cyb3rWard0g/OSSEM/blob/master/resources/images/event-21.png"}}, "data_dictionary": {"wmi_consumer_path": {"field_name": "Consumer", "type": "string", "sample_value": "CommandLineEventConsumer.Name=\\\"Updater\\\"", "description": "Consumer created to bind"}, "event_type": {"field_name": "EventType", "type": "string", "sample_value": "WmiBindingEvent", "description": "wmievent type"}, "event_creation_time": {"field_name": "UtcTime", "type": "date", "sample_value": "2018-09-12 00:47:16.997", "description": "Time in UTC when event was created"}, "tag": {"field_name": "RuleName", "type": "string", "sample_value": "T1114", "description": "custom tag mapped to event. i.e ATT&CK technique ID"}, "wmi_operation": {"field_name": "Operation", "type": "string", "sample_value": "Created", "description": "wmievent filter operation"}, "wmi_filter_path": {"field_name": "Filter", "type": "string", "sample_value": "__EventFilter.Name=\\\"Updater\\\"", "description": "Filter created to bind"}, "user_name": {"field_name": "User", "type": "string", "sample_value": "DESKTOP-LFD11QP\\pedro", "description": "user that created the wmi filter"}}, "description": {"text": "When a consumer binds to a filter, this event logs the consumer name and filter path.", "links": [{"text": "Sysmon Source", "link": "https://docs.microsoft.com/en-us/sysinternals/downloads/sysmon#event-id-21-wmievent-wmieventconsumertofilter-activity-detected"}]}, "title": "Event ID 21: WmiEvent (WmiEventConsumerToFilter activity detected)", "meta": {"sysmon_version": "8.08", "sysmon_rule": "WmiEvent", "date": "09/12/2018", "description": "When a consumer binds to a filter, this event logs the consumer name and filter path.", "log_type": "sysmon", "title": "Event ID 21 - WmiEvent (WmiEventConsumerToFilter activity detected)", "author": "Roberto Rodriguez (@Cyb3rWard0g)"}, "event_data": {"type": "xml", "data": "<Event xmlns=\"http://schemas.microsoft.com/win/2004/08/events/event\">\n  <System>\n    <Provider Name=\"Microsoft-Windows-Sysmon\" Guid=\"{5770385F-C22A-43E0-BF4C-06F5698FFBD9}\" /> \n    <EventID>21</EventID> \n    <Version>3</Version> \n    <Level>4</Level> \n    <Task>21</Task> \n    <Opcode>0</Opcode> \n    <Keywords>0x8000000000000000</Keywords> \n    <TimeCreated SystemTime=\"2018-09-12T00:47:16.999867600Z\" /> \n    <EventRecordID>482300</EventRecordID> \n    <Correlation /> \n    <Execution ProcessID=\"2204\" ThreadID=\"3080\" /> \n    <Channel>Microsoft-Windows-Sysmon/Operational</Channel> \n    <Computer>DESKTOP-LFD11QP</Computer> \n    <Security UserID=\"S-1-5-18\" /> \n  </System>\n  <EventData>\n    <Data Name=\"RuleName\" /> \n    <Data Name=\"EventType\">WmiBindingEvent</Data> \n    <Data Name=\"UtcTime\">2018-09-12 00:47:16.997</Data> \n    <Data Name=\"Operation\">Created</Data> \n    <Data Name=\"User\">DESKTOP-LFD11QP\\pedro</Data> \n    <Data Name=\"Consumer\">\"CommandLineEventConsumer.Name=\\\"Updater\\\"\"</Data> \n    <Data Name=\"Filter\">\"__EventFilter.Name=\\\"Updater\\\"\"</Data> \n  </EventData>\n</Event>"}}, "7": {"event_log_illustration": {"image": {"width": 625, "alt": "Event 7 illustration", "height": 625, "link": "https://github.com/Cyb3rWard0g/OSSEM/blob/master/resources/images/event-7.png"}}, "data_dictionary": {"module_loaded": {"field_name": "ImageLoaded", "type": "string", "sample_value": "C:\\Windows\\System32\\msvcrt.dll", "description": "full path of the image loaded"}, "process_id": {"field_name": "ProcessId", "type": "integer", "sample_value": 3532, "description": "Process ID used by the os to identify the process that loaded the image"}, "event_creation_time": {"field_name": "UtcTime", "type": "date", "sample_value": "4/11/18 5:46", "description": "Time in UTC when event was created"}, "file_company": {"field_name": "Company", "type": "string", "sample_value": "Microsoft Corporation", "description": "Company name the image loaded belongs to"}, "file_product": {"field_name": "Product", "type": "string", "sample_value": "Microsoft\u00ae Windows\u00ae Operating System", "description": "Product name the image loaded belongs to"}, "process_guid": {"field_name": "ProcessGuid", "type": "string", "sample_value": "{A98268C1-A12A-5ACD-0000-0010E4C8B300}", "description": "Process Guid of the process that loaded the image"}, "file_version": {"field_name": "FileVersion", "type": "string", "sample_value": "7.0.16299.125 (WinBuild.160101.0800)", "description": "Version of the image loaded"}, "module_signature_status": {"field_name": "SignatureStatus", "type": "string", "sample_value": "Valid", "description": "status of the signature (i.e valid)"}, "module_is_signed": {"field_name": "Signed", "type": "boolean", "sample_value": "TRUE", "description": "is the image loaded signed"}, "file_description": {"field_name": "Description", "type": "string", "sample_value": "Windows NT CRT DLL", "description": "Description of the image loaded"}, "module_signature": {"field_name": "Signature", "type": "string", "sample_value": "Microsoft Corporation", "description": "The signer"}, "process_name": {"field_name": "Image", "type": "string", "sample_value": "C:\\Windows\\System32\\cmd.exe", "description": "File path of the process that loaded the image"}, "hash": {"field_name": "Hashes", "type": "string", "sample_value": "SHA1=AEB9839D02C99A3E7EED1F12671C3F827221EDF8, MD5=68195105C7D9A2B5DF5BB82ECA521092, SHA256=556FF2B03495E2117223E5697B54253F30BD10ED3C67468947D79945168A624A, IMPHASH=C16CC99941EF5E18707133A2532B7D0C", "description": "hash is a full hash of the file with the algorithms in the HashType field"}}, "description": {"text": "The image loaded event logs when a module is loaded in a specific process. This event is disabled by default and needs to be configured with the -l option. It indicates the process in which the module is loaded, hashes and signature information. The signature is created asynchronously for performance reasons and indicates if the file was removed after loading. This event should be configured carefully, as monitoring all image load events will generate a large number of events.", "links": [{"text": "Sysmon Source", "link": "https://docs.microsoft.com/en-us/sysinternals/downloads/sysmon#event-id-7-image-loaded"}]}, "title": "Event ID 7: Image loaded", "meta": {"sysmon_version": "7.01", "sysmon_rule": "ImageLoad", "date": "04/11/2018", "description": "The image loaded event logs when a module is loaded in a specific process.", "log_type": "sysmon", "title": "Event ID 7 - Image loaded", "author": "Roberto Rodriguez (@Cyb3rWard0g)"}, "event_data": {"type": "xml", "data": "<Event xmlns=\"http://schemas.microsoft.com/win/2004/08/events/event\">\n  <System>\n    <Provider Name=\"Microsoft-Windows-Sysmon\" Guid=\"{5770385F-C22A-43E0-BF4C-06F5698FFBD9}\" /> \n    <EventID>7</EventID> \n    <Version>3</Version> \n    <Level>4</Level> \n    <Task>7</Task> \n    <Opcode>0</Opcode> \n    <Keywords>0x8000000000000000</Keywords> \n    <TimeCreated SystemTime=\"2018-04-11T05:46:18.402515800Z\" /> \n    <EventRecordID>11756509</EventRecordID> \n    <Correlation /> \n    <Execution ProcessID=\"6028\" ThreadID=\"4132\" /> \n    <Channel>Microsoft-Windows-Sysmon/Operational</Channel> \n    <Computer>DESKTOP-WARDOG</Computer> \n    <Security UserID=\"S-1-5-18\" /> \n  </System>\n  <EventData>\n    <Data Name=\"UtcTime\">2018-04-11 05:46:18.398</Data> \n    <Data Name=\"ProcessGuid\">{A98268C1-A12A-5ACD-0000-0010E4C8B300}</Data> \n    <Data Name=\"ProcessId\">3532</Data> \n    <Data Name=\"Image\">C:\\Windows\\System32\\cmd.exe</Data> \n    <Data Name=\"ImageLoaded\">C:\\Windows\\System32\\msvcrt.dll</Data> \n    <Data Name=\"FileVersion\">7.0.16299.125 (WinBuild.160101.0800)</Data> \n    <Data Name=\"Description\">Windows NT CRT DLL</Data> \n    <Data Name=\"Product\">Microsoft\u00ae Windows\u00ae Operating System</Data> \n    <Data Name=\"Company\">Microsoft Corporation</Data> \n    <Data Name=\"Hashes\">SHA1=AEB9839D02C99A3E7EED1F12671C3F827221EDF8,MD5=68195105C7D9A2B5DF5BB82ECA521092,SHA256=556FF2B03495E2117223E5697B54253F30BD10ED3C67468947D79945168A624A,IMPHASH=C16CC99941EF5E18707133A2532B7D0C</Data> \n    <Data Name=\"Signed\">true</Data> \n    <Data Name=\"Signature\">Microsoft Windows</Data> \n    <Data Name=\"SignatureStatus\">Valid</Data> \n  </EventData>\n</Event>"}}, "20": {"event_log_illustration": {"image": {"width": 625, "alt": "Event 20 illustration", "height": 625, "link": "https://github.com/Cyb3rWard0g/OSSEM/blob/master/resources/images/event-20.png"}}, "data_dictionary": {"event_type": {"field_name": "EventType", "type": "string", "sample_value": "WmiConsumerEvent", "description": "wmievent type"}, "event_creation_time": {"field_name": "UtcTime", "type": "date", "sample_value": "2018-09-11 23:12:46.606", "description": "Time in UTC when event was created"}, "tag": {"field_name": "RuleName", "type": "string", "sample_value": "T1114", "description": "custom tag mapped to event. i.e ATT&CK technique ID"}, "wmi_operation": {"field_name": "Operation", "type": "string", "sample_value": "Created", "description": "wmievent filter operation"}, "wmi_consumer_type": {"field_name": "Type", "type": "string", "sample_value": "Command Line", "description": "Type of wmi consumer"}, "wmi_consumer_name": {"field_name": "Name", "type": "string", "sample_value": "Updater", "description": "name of the consumer created"}, "wmi_consumer_destination": {"field_name": "Destination", "type": "string", "sample_value": "C:\\WINDOWS\\System32\\WindowsPowerShell\\v1.0\\powershell.exe -nop -exec bypass -win hidden -noni -enc bm90ZXBhZC5leGU=", "description": "command of consumer"}, "user_name": {"field_name": "User", "type": "string", "sample_value": "DESKTOP-LFD11QP\\pedro", "description": "user that created the wmi  consumer"}}, "description": {"text": "This event logs the registration of WMI consumers, recording the consumer name, log, and destination.", "links": [{"text": "Sysmon Source", "link": "https://docs.microsoft.com/en-us/sysinternals/downloads/sysmon#event-id-20-wmievent-wmieventconsumer-activity-detected"}]}, "title": "Event ID 20: WmiEvent (WmiEventConsumer activity detected)", "meta": {"sysmon_version": "8.08", "sysmon_rule": "WmiEvent", "date": "09/12/2018", "description": "This event logs the registration of WMI consumers, recording the consumer name, log, and destination.", "log_type": "sysmon", "title": "Event ID 20 - WmiEvent (WmiEventConsumer activity detected)", "author": "Roberto Rodriguez (@Cyb3rWard0g)"}, "event_data": {"type": "xml", "data": "<Event xmlns=\"http://schemas.microsoft.com/win/2004/08/events/event\">\n  <System>\n    <Provider Name=\"Microsoft-Windows-Sysmon\" Guid=\"{5770385F-C22A-43E0-BF4C-06F5698FFBD9}\" /> \n    <EventID>20</EventID> \n    <Version>3</Version> \n    <Level>4</Level> \n    <Task>20</Task> \n    <Opcode>0</Opcode> \n    <Keywords>0x8000000000000000</Keywords> \n    <TimeCreated SystemTime=\"2018-09-12T00:41:00.762457400Z\" /> \n    <EventRecordID>480410</EventRecordID> \n    <Correlation /> \n    <Execution ProcessID=\"2204\" ThreadID=\"5784\" /> \n    <Channel>Microsoft-Windows-Sysmon/Operational</Channel> \n    <Computer>DESKTOP-LFD11QP</Computer> \n    <Security UserID=\"S-1-5-18\" /> \n  </System>\n  <EventData>\n    <Data Name=\"RuleName\" /> \n    <Data Name=\"EventType\">WmiConsumerEvent</Data> \n    <Data Name=\"UtcTime\">2018-09-12 00:41:00.760</Data> \n    <Data Name=\"Operation\">Created</Data> \n    <Data Name=\"User\">DESKTOP-LFD11QP\\pedro</Data> \n    <Data Name=\"Name\">\"Updater\"</Data> \n    <Data Name=\"Type\">Command Line</Data> \n    <Data Name=\"Destination\">\"C:\\\\WINDOWS\\\\System32\\\\WindowsPowerShell\\\\v1.0\\\\powershell.exe -nop -exec bypass -win hidden -noni -enc bm90ZXBhZC5leGU=\"</Data> \n  </EventData>\n</Event>"}}, "4": {"event_log_illustration": {"image": {"width": 625, "alt": "Event 4 illustration", "height": 625, "link": "https://github.com/Cyb3rWard0g/OSSEM/blob/master/resources/images/event-4.png"}}, "data_dictionary": {"sysmon_schema_version": {"field_name": "SchemaVersion", "type": "string", "sample_value": "4", "description": "sysmon config schema version"}, "event_creation_time": {"field_name": "UtcTime", "type": "date", "sample_value": "4/11/18 5:36", "description": "Time in UTC when event was created"}, "file_version": {"field_name": "Version", "type": "string", "sample_value": "7.01", "description": "sysmon version"}, "service_state": {"field_name": "State", "type": "string", "sample_value": "Stopped", "description": "sysmon service state (i.e. stopped)"}}, "description": {"text": "The service state change event reports the state of the Sysmon service (started or stopped).", "links": [{"text": "Sysmon Source", "link": "https://docs.microsoft.com/en-us/sysinternals/downloads/sysmon#event-id-4-sysmon-service-state-changed"}]}, "title": "Event ID 4: Sysmon service state changed", "meta": {"sysmon_version": "7.01", "sysmon_rule": "cannot be filtered", "date": "04/11/2018", "description": "The service state change event reports the state of the Sysmon service (started or stopped).", "log_type": "sysmon", "title": "Event ID 4 - Sysmon service state changed", "author": "Roberto Rodriguez (@Cyb3rWard0g)"}, "event_data": {"type": "xml", "data": "<Event xmlns=\"http://schemas.microsoft.com/win/2004/08/events/event\">\n  <System>\n    <Provider Name=\"Microsoft-Windows-Sysmon\" Guid=\"{5770385F-C22A-43E0-BF4C-06F5698FFBD9}\" /> \n    <EventID>4</EventID> \n    <Version>3</Version> \n    <Level>4</Level> \n    <Task>4</Task> \n    <Opcode>0</Opcode> \n    <Keywords>0x8000000000000000</Keywords> \n    <TimeCreated SystemTime=\"2018-04-11T05:36:20.242010600Z\" /> \n    <EventRecordID>11753525</EventRecordID> \n    <Correlation /> \n    <Execution ProcessID=\"2152\" ThreadID=\"2156\" /> \n    <Channel>Microsoft-Windows-Sysmon/Operational</Channel> \n    <Computer>DESKTOP-WARDOG</Computer> \n    <Security UserID=\"S-1-5-18\" /> \n  </System>\n  <EventData>\n    <Data Name=\"UtcTime\">2018-04-11 05:36:20.231</Data> \n    <Data Name=\"State\">Stopped</Data> \n    <Data Name=\"Version\">7.01</Data> \n    <Data Name=\"SchemaVersion\">4.00</Data> \n  </EventData>\n</Event>"}}, "15": {"event_log_illustration": {"image": {"width": 625, "alt": "Event 15 illustration", "height": 625, "link": "https://github.com/Cyb3rWard0g/OSSEM/blob/master/resources/images/event-15.png"}}, "data_dictionary": {"file_name": {"field_name": "TargetFilename", "type": "string", "sample_value": "C:\\Users\\wardog\\Downloads\\a0fa35bc5badf505f803921f0fe40971-4cf6bad280c7b66e21bb8e96ffe2f968ca460e0d.zip:Zone.Identifier", "description": "Name of the file"}, "event_creation_time": {"field_name": "UtcTime", "type": "date", "sample_value": "4/11/18 5:25", "description": "Time in UTC when event was created"}, "hash": {"field_name": "Hashes", "type": "string", "sample_value": "SHA1=F897DA14CF93C872CE821F549C34B848E345C8AC, MD5=697C69E7BB023075F14BC0BE25B875D8, SHA256=3157F3E7A854A13A40FFC79472C319E5B7C744B50D869D6E45F40CD4218539C5, IMPHASH=00000000000000000000000000000000", "description": "hash is a full hash of the file with the algorithms in the HashType field"}, "process_id": {"field_name": "ProcessId", "type": "integer", "sample_value": 6972, "description": "Process ID used by the os to identify the process that created the named file stream"}, "process_name": {"field_name": "Image", "type": "string", "sample_value": "C:\\Program Files (x86)\\Google\\Chrome\\Application\\chrome.exe", "description": "File path of the process that created the named file stream"}, "process_guid": {"field_name": "ProcessGuid", "type": "string", "sample_value": "{A98268C1-A8A0-5ACD-0000-001087DEBF00}", "description": "Process Guid of the process that created the named file stream"}, "file_creation_time": {"field_name": "CreationUtcTime", "type": "date", "sample_value": "4/11/18 6:18", "description": "File download time"}}, "description": {"text": "This event logs when a named file stream is created, and it generates events that log the hash of the contents of the file to which the stream is assigned (the unnamed stream), as well as the contents of the named stream. There are malware variants that drop their executables or configuration settings via browser downloads, and this event is aimed at capturing that based on the browser attaching a Zone.Identifier \"mark of the web\" stream.", "links": [{"text": "Sysmon Source", "link": "https://docs.microsoft.com/en-us/sysinternals/downloads/sysmon#event-id-15-filecreatestreamhash"}]}, "title": "Event ID 15: FileCreateStreamHash", "meta": {"sysmon_version": "7.01", "sysmon_rule": "FileCreateStreamHash", "date": "04/11/2018", "description": "This event logs when a named file stream is created.", "log_type": "sysmon", "title": "Event ID 15 - FileCreateStreamHash", "author": "Roberto Rodriguez (@Cyb3rWard0g)"}, "event_data": {"type": "xml", "data": "<Event xmlns=\"http://schemas.microsoft.com/win/2004/08/events/event\">\n  <System>\n    <Provider Name=\"Microsoft-Windows-Sysmon\" Guid=\"{5770385F-C22A-43E0-BF4C-06F5698FFBD9}\" /> \n    <EventID>15</EventID> \n    <Version>2</Version> \n    <Level>4</Level> \n    <Task>15</Task> \n    <Opcode>0</Opcode> \n    <Keywords>0x8000000000000000</Keywords> \n    <TimeCreated SystemTime=\"2018-04-11T06:18:33.145878300Z\" /> \n    <EventRecordID>11768076</EventRecordID> \n    <Correlation /> \n    <Execution ProcessID=\"6028\" ThreadID=\"4132\" /> \n    <Channel>Microsoft-Windows-Sysmon/Operational</Channel> \n    <Computer>DESKTOP-WARDOG</Computer> \n    <Security UserID=\"S-1-5-18\" /> \n  </System>\n  <EventData>\n    <Data Name=\"UtcTime\">2018-04-11 06:18:33.143</Data> \n    <Data Name=\"ProcessGuid\">{A98268C1-A8A0-5ACD-0000-001087DEBF00}</Data> \n    <Data Name=\"ProcessId\">6972</Data> \n    <Data Name=\"Image\">C:\\Program Files (x86)\\Google\\Chrome\\Application\\chrome.exe</Data> \n    <Data Name=\"TargetFilename\">C:\\Users\\wardog\\Downloads\\a0fa35bc5badf505f803921f0fe40971-4cf6bad280c7b66e21bb8e96ffe2f968ca460e0d.zip:Zone.Identifier</Data> \n    <Data Name=\"CreationUtcTime\">2018-04-11 06:18:30.960</Data> \n    <Data Name=\"Hash\">SHA1=F897DA14CF93C872CE821F549C34B848E345C8AC,MD5=697C69E7BB023075F14BC0BE25B875D8,SHA256=3157F3E7A854A13A40FFC79472C319E5B7C744B50D869D6E45F40CD4218539C5,IMPHASH=00000000000000000000000000000000</Data> \n  </EventData>\n</Event>"}}, "12": {"event_log_illustration": {"image": {"width": 625, "alt": "Event 12 illustration", "height": 625, "link": "https://github.com/Cyb3rWard0g/OSSEM/blob/master/resources/images/event-12.png"}}, "data_dictionary": {"registry_key_path": {"field_name": "TargetObject", "type": "string", "sample_value": "HKU.DEFAULT\\Software\\Microsoft\\Office\\16.0\\Common", "description": "complete path of the registry key"}, "event_type": {"field_name": "EventType", "type": "string", "sample_value": "CreateKey", "description": "registry event. Either Create or Delete"}, "event_creation_time": {"field_name": "UtcTime", "type": "date", "sample_value": "4/11/18 5:25", "description": "Time in UTC when event was created"}, "process_id": {"field_name": "ProcessId", "type": "integer", "sample_value": 2052, "description": "Process ID used by the os to identify the process that created or deleted a registry key"}, "process_name": {"field_name": "Image", "type": "string", "sample_value": "C:\\Program Files\\Common Files\\Microsoft Shared\\ClickToRun\\OfficeClickToRun.exe", "description": "File path of the process that created or deleted a registry key"}, "process_guid": {"field_name": "ProcessGuid", "type": "string", "sample_value": "{A98268C1-9595-5ACD-0000-0010C2380200}", "description": "Process Guid of the process that created or deleted a registry key"}}, "description": {"text": "Registry key and value create and delete operations map to this event type, which can be useful for monitoring for changes to Registry autostart locations, or specific malware registry modifications.", "links": [{"text": "Sysmon Source", "link": "https://docs.microsoft.com/en-us/sysinternals/downloads/sysmon#event-id-12-registryevent-object-create-and-delete"}]}, "title": "Event ID 12: RegistryEvent (Object create and delete)", "meta": {"sysmon_version": "7.01", "sysmon_rule": "RegistryEvent", "date": "04/11/2018", "description": "Registry key and value create and delete operations map to this event type.", "log_type": "sysmon", "title": "Event ID 12 - RegistryEvent (Object create and delete)", "author": "Roberto Rodriguez (@Cyb3rWard0g)"}, "event_data": {"type": "xml", "data": "<Event xmlns=\"http://schemas.microsoft.com/win/2004/08/events/event\">\n  <System>\n    <Provider Name=\"Microsoft-Windows-Sysmon\" Guid=\"{5770385F-C22A-43E0-BF4C-06F5698FFBD9}\" /> \n    <EventID>12</EventID> \n    <Version>2</Version> \n    <Level>4</Level> \n    <Task>12</Task> \n    <Opcode>0</Opcode> \n    <Keywords>0x8000000000000000</Keywords> \n    <TimeCreated SystemTime=\"2018-04-11T06:02:54.827237700Z\" /> \n    <EventRecordID>11761339</EventRecordID> \n    <Correlation /> \n    <Execution ProcessID=\"6028\" ThreadID=\"4132\" /> \n    <Channel>Microsoft-Windows-Sysmon/Operational</Channel> \n    <Computer>DESKTOP-WARDOG</Computer> \n    <Security UserID=\"S-1-5-18\" /> \n  </System>\n  <EventData>\n    <Data Name=\"EventType\">CreateKey</Data> \n    <Data Name=\"UtcTime\">2018-04-11 06:02:54.817</Data> \n    <Data Name=\"ProcessGuid\">{A98268C1-9595-5ACD-0000-0010C2380200}</Data> \n    <Data Name=\"ProcessId\">2052</Data> \n    <Data Name=\"Image\">C:\\Program Files\\Common Files\\Microsoft Shared\\ClickToRun\\OfficeClickToRun.exe</Data> \n    <Data Name=\"TargetObject\">HKU\\.DEFAULT\\Software\\Microsoft\\Office\\16.0\\Common</Data> \n  </EventData>\n</Event>"}}, "2": {"event_log_illustration": {"image": {"width": 625, "alt": "Event 2 illustration", "height": 625, "link": "https://github.com/Cyb3rWard0g/OSSEM/blob/master/resources/images/event-2.png"}}, "data_dictionary": {"process_name": {"field_name": "Image", "type": "string", "sample_value": "C:\\Windows\\System32\\WindowsPowerShell\\v1.0\\powershell.exe", "description": "File path of the process that changed the file creation time"}, "file_previous_creation_time": {"field_name": "PreviousCreationUtcTime", "type": "date", "sample_value": "4/11/18 5:04", "description": "previous creation time of the file"}, "process_id": {"field_name": "ProcessId", "type": "integer", "sample_value": 1252, "description": "Process ID used by the os to identify the process changing the file creation time"}, "filte_name": {"field_name": "TargetFilename", "type": "string", "sample_value": "C:\\Users\\wardog\\AppData\\Roaming\\Microsoft\\Windows\\Recent\\CustomDestinations\\7G23PHTPHSQ3S2RVKKPS.temp", "description": "full path name of the file"}, "event_date_creation": {"field_name": "UtcTime", "type": "date", "sample_value": "4/11/18 5:04", "description": "Time in UTC when event was created"}, "process_guid": {"field_name": "ProcessGuid", "type": "string", "sample_value": "{A98268C1-975A-5ACD-0000-0010DB073A00}", "description": "Process Guid of the process that changed the file creation time"}, "file_creation_time": {"field_name": "CreationUtcTime", "type": "date", "sample_value": "11/13/17 16:57", "description": "new creation time of the file"}}, "description": {"text": "The change file creation time event is registered when a file creation time is explicitly modified by a process. This event helps tracking the real creation time of a file. Attackers may change the file creation time of a backdoor to make it look like it was installed with the operating system. Note that many processes legitimately change the creation time of a file; it does not necessarily indicate malicious activity.", "links": [{"text": "Sysmon Source", "link": "https://docs.microsoft.com/en-us/sysinternals/downloads/sysmon#event-id-2-a-process-changed-a-file-creation-time"}]}, "title": "Event ID 2: A process changed a file creation time", "meta": {"sysmon_version": "7.01", "sysmon_rule": "FileCreateTime", "date": "04/11/2018", "description": "The change file creation time event is registered when a file creation time is explicitly modified by a process.", "log_type": "sysmon", "title": "Event ID 2 - A process changed a file creation time", "author": "Roberto Rodriguez (@Cyb3rWard0g)"}, "event_data": {"type": "xml", "data": "<Event xmlns=\"http://schemas.microsoft.com/win/2004/08/events/event\">\n  <System>\n    <Provider Name=\"Microsoft-Windows-Sysmon\" Guid=\"{5770385F-C22A-43E0-BF4C-06F5698FFBD9}\" /> \n    <EventID>2</EventID> \n    <Version>4</Version> \n    <Level>4</Level> \n    <Task>2</Task> \n    <Opcode>0</Opcode> \n    <Keywords>0x8000000000000000</Keywords> \n    <TimeCreated SystemTime=\"2018-04-11T05:04:27.222624200Z\" /> \n    <EventRecordID>11469394</EventRecordID> \n    <Correlation /> \n    <Execution ProcessID=\"2152\" ThreadID=\"3392\" /> \n    <Channel>Microsoft-Windows-Sysmon/Operational</Channel> \n    <Computer>DESKTOP-WARDOG</Computer> \n    <Security UserID=\"S-1-5-18\" /> \n    </System>\n  <EventData>\n    <Data Name=\"UtcTime\">2018-04-11 05:04:27.211</Data> \n    <Data Name=\"ProcessGuid\">{A98268C1-975A-5ACD-0000-0010DB073A00}</Data> \n    <Data Name=\"ProcessId\">1252</Data> \n    <Data Name=\"Image\">C:\\Windows\\System32\\WindowsPowerShell\\v1.0\\powershell.exe</Data> \n    <Data Name=\"TargetFilename\">C:\\Users\\wardog\\AppData\\Roaming\\Microsoft\\Windows\\Recent\\CustomDestinations\\\n    7G23PHTPHSQ3S2RVKKPS.temp</Data> \n    <Data Name=\"CreationUtcTime\">2017-11-13 16:57:51.663</Data> \n    <Data Name=\"PreviousCreationUtcTime\">2018-04-11 05:04:27.179</Data> \n  </EventData>\n</Event>"}}, "11": {"event_log_illustration": {"image": {"width": 625, "alt": "Event 11 illustration", "height": 625, "link": "https://github.com/Cyb3rWard0g/OSSEM/blob/master/resources/images/event-11.png"}}, "data_dictionary": {"file_name": {"field_name": "TargetFilename", "type": "string", "sample_value": "C:\\Windows\\Prefetch\\CONHOST.EXE-1F3E9D7E.pf", "description": "Name of the file"}, "event_creation_time": {"field_name": "UtcTime", "type": "date", "sample_value": "4/11/18 6:01", "description": "Time in UTC when event was created"}, "process_id": {"field_name": "ProcessId", "type": "integer", "sample_value": 1044, "description": "Process ID used by the os to identify the process that created the file (child)"}, "process_name": {"field_name": "Image", "type": "string", "sample_value": "C:\\WINDOWS\\System32\\svchost.exe", "description": "File path of the process that created the file"}, "process_guid": {"field_name": "ProcessGuid", "type": "string", "sample_value": "{A98268C1-958A-5ACD-0000-0010C62F0100}", "description": "Process Guid of the process that created the file"}, "file_creation_time": {"field_name": "CreationUtcTime", "type": "date", "sample_value": "12/4/17 17:38", "description": "File creation time"}}, "description": {"text": "File create operations are logged when a file is created or overwritten. This event is useful for monitoring autostart locations, like the Startup folder, as well as temporary and download directories, which are common places malware drops during initial infection.", "links": [{"text": "Sysmon Source", "link": "https://docs.microsoft.com/en-us/sysinternals/downloads/sysmon#event-id-11-filecreate"}]}, "title": "Event ID 11: FileCreate", "meta": {"sysmon_version": "7.01", "sysmon_rule": "FileCreate", "date": "04/11/2018", "description": "File create operations are logged when a file is created or overwritten.", "log_type": "sysmon", "title": "Event ID 11 - FileCreate", "author": "Roberto Rodriguez (@Cyb3rWard0g)"}, "event_data": {"type": "xml", "data": "<Event xmlns=\"http://schemas.microsoft.com/win/2004/08/events/event\">\n  <System>\n    <Provider Name=\"Microsoft-Windows-Sysmon\" Guid=\"{5770385F-C22A-43E0-BF4C-06F5698FFBD9}\" /> \n    <EventID>11</EventID> \n    <Version>2</Version> \n    <Level>4</Level> \n    <Task>11</Task> \n    <Opcode>0</Opcode> \n    <Keywords>0x8000000000000000</Keywords> \n    <TimeCreated SystemTime=\"2018-04-11T06:01:23.107069400Z\" /> \n    <EventRecordID>11760994</EventRecordID> \n    <Correlation /> \n    <Execution ProcessID=\"6028\" ThreadID=\"4132\" /> \n    <Channel>Microsoft-Windows-Sysmon/Operational</Channel> \n    <Computer>DESKTOP-WARDOG</Computer> \n    <Security UserID=\"S-1-5-18\" /> \n  </System>\n  <EventData>\n    <Data Name=\"UtcTime\">2018-04-11 06:01:23.106</Data> \n    <Data Name=\"ProcessGuid\">{A98268C1-958A-5ACD-0000-0010C62F0100}</Data> \n    <Data Name=\"ProcessId\">1044</Data> \n    <Data Name=\"Image\">C:\\WINDOWS\\System32\\svchost.exe</Data> \n    <Data Name=\"TargetFilename\">C:\\Windows\\Prefetch\\CONHOST.EXE-1F3E9D7E.pf</Data> \n    <Data Name=\"CreationUtcTime\">2017-12-04 17:38:32.040</Data> \n  </EventData>\n</Event>"}}, "13": {"event_log_illustration": {"image": {"width": 625, "alt": "Event 13 illustration", "height": 625, "link": "https://github.com/Cyb3rWard0g/OSSEM/blob/master/resources/images/event-13.png"}}, "data_dictionary": {"registry_key_path": {"field_name": "TargetObject", "type": "string", "sample_value": "HKLM\\SOFTWARE\\Microsoft\\Windows NT\\CurrentVersion\\Notifications\\Data\\418A073AA3BC3475", "description": "complete path of the registry key"}, "event_type": {"field_name": "EventType", "type": "string", "sample_value": "SetValue", "description": "registry event. Registry values modifications"}, "event_creation_time": {"field_name": "UtcTime", "type": "date", "sample_value": "4/11/18 6:04", "description": "Time in UTC when event was created"}, "process_id": {"field_name": "ProcessId", "type": "integer", "sample_value": 4624, "description": "Process ID used by the os to identify the process that that modified a registry value"}, "process_name": {"field_name": "Image", "type": "string", "sample_value": "C:\\WINDOWS\\Explorer.EXE", "description": "File path of the process that that modified a registry value"}, "process_guid": {"field_name": "ProcessGuid", "type": "string", "sample_value": "{A98268C1-95F9-5ACD-0000-001025861000}", "description": "Process Guid of the process that modified a registry value"}, "registry_key_details": {"field_name": "Details", "type": "string", "sample_value": "Binary Data", "description": "Details added to the registry key"}}, "description": {"text": "This Registry event type identifies Registry value modifications. The event records the value written for Registry values of type DWORD and QWORD.", "links": [{"text": "Sysmon Source", "link": "https://docs.microsoft.com/en-us/sysinternals/downloads/sysmon#event-id-13-registryevent-value-set"}]}, "title": "Event ID 13: RegistryEvent (Value Set)", "meta": {"sysmon_version": "7.01", "sysmon_rule": "RegistryEvent", "date": "04/11/2018", "description": "This Registry event type identifies Registry value modifications.", "log_type": "sysmon", "title": "Event ID 13 - RegistryEvent (Value Set)", "author": "Roberto Rodriguez (@Cyb3rWard0g)"}, "event_data": {"type": "xml", "data": "<Event xmlns=\"http://schemas.microsoft.com/win/2004/08/events/event\">\n  <System>\n    <Provider Name=\"Microsoft-Windows-Sysmon\" Guid=\"{5770385F-C22A-43E0-BF4C-06F5698FFBD9}\" /> \n    <EventID>13</EventID> \n    <Version>2</Version> \n    <Level>4</Level> \n    <Task>13</Task> \n    <Opcode>0</Opcode> \n    <Keywords>0x8000000000000000</Keywords> \n    <TimeCreated SystemTime=\"2018-04-11T06:04:04.556170700Z\" /> \n    <EventRecordID>11761526</EventRecordID> \n    <Correlation /> \n    <Execution ProcessID=\"6028\" ThreadID=\"4132\" /> \n    <Channel>Microsoft-Windows-Sysmon/Operational</Channel> \n    <Computer>DESKTOP-WARDOG</Computer> \n    <Security UserID=\"S-1-5-18\" /> \n  </System>\n  <EventData>\n    <Data Name=\"EventType\">SetValue</Data> \n    <Data Name=\"UtcTime\">2018-04-11 06:04:04.552</Data> \n    <Data Name=\"ProcessGuid\">{A98268C1-95F9-5ACD-0000-001025861000}</Data> \n    <Data Name=\"ProcessId\">4624</Data> \n    <Data Name=\"Image\">C:\\WINDOWS\\Explorer.EXE</Data> \n    <Data Name=\"TargetObject\">HKLM\\SOFTWARE\\Microsoft\\Windows NT\\CurrentVersion\\Notifications\\Data\\418A073AA3BC3475</Data> \n    <Data Name=\"Details\">Binary Data</Data> \n  </EventData>\n</Event>"}}, "14": {"event_log_illustration": {"image": {"width": 625, "alt": "Event 14 illustration", "height": 625, "link": "https://github.com/Cyb3rWard0g/OSSEM/blob/master/resources/images/event-14.png"}}, "data_dictionary": {"registry_key_path": {"field_name": "TargetObject", "type": "string", "sample_value": "HKLM\\SOFTWARE\\Microsoft\\Windows\\CurrentVersion\\Run\\New Key #1", "description": "complete path of the registry key"}, "event_type": {"field_name": "EventType", "type": "string", "sample_value": "RenameKey", "description": "registry event. Registry key and value renamed"}, "event_creation_time": {"field_name": "UtcTime", "type": "date", "sample_value": "4/11/18 6:04", "description": "Time in UTC when event was created"}, "process_id": {"field_name": "ProcessId", "type": "integer", "sample_value": 4624, "description": "Process ID used by the os to identify the process that renamed a registry value and key"}, "process_name": {"field_name": "Image", "type": "string", "sample_value": "C:\\WINDOWS\\Explorer.EXE", "description": "File path of the process that renamed a registry value and key"}, "process_guid": {"field_name": "ProcessGuid", "type": "string", "sample_value": "{A98268C1-95F9-5ACD-0000-001025861000}", "description": "Process Guid of the process that renamed a registry value and key"}, "registry_key_new_name": {"field_name": "NewName", "type": "string", "sample_value": "\\REGISTRY\\MACHINE\\SOFTWARE\\Microsoft\\Windows\\CurrentVersion\\Run\\hello", "description": "new name of the registry key"}}, "description": {"text": "Registry key and value rename operations map to this event type, recording the new name of the key or value that was renamed.", "links": [{"text": "Sysmon Source", "link": "https://docs.microsoft.com/en-us/sysinternals/downloads/sysmon#event-id-14-registryevent-key-and-value-rename"}]}, "title": "Event ID 14: RegistryEvent (Key and Value Rename)", "meta": {"sysmon_version": "7.01", "sysmon_rule": "RegistryEvent", "date": "04/11/2018", "description": "Registry key and value rename operations map to this event type.", "log_type": "sysmon", "title": "Event ID 14 - RegistryEvent (Key and Value Rename)", "author": "Roberto Rodriguez (@Cyb3rWard0g)"}, "event_data": {"type": "xml", "data": "<Event xmlns=\"http://schemas.microsoft.com/win/2004/08/events/event\">\n  <System>\n    <Provider Name=\"Microsoft-Windows-Sysmon\" Guid=\"{5770385F-C22A-43E0-BF4C-06F5698FFBD9}\" /> \n    <EventID>14</EventID> \n    <Version>2</Version> \n    <Level>4</Level> \n    <Task>14</Task> \n    <Opcode>0</Opcode> \n    <Keywords>0x8000000000000000</Keywords> \n    <TimeCreated SystemTime=\"2018-04-11T06:14:57.050339700Z\" /> \n    <EventRecordID>11765950</EventRecordID> \n    <Correlation /> \n    <Execution ProcessID=\"6028\" ThreadID=\"4132\" /> \n    <Channel>Microsoft-Windows-Sysmon/Operational</Channel> \n    <Computer>DESKTOP-WARDOG</Computer> \n    <Security UserID=\"S-1-5-18\" /> \n  </System>\n  <EventData>\n    <Data Name=\"EventType\">RenameKey</Data> \n    <Data Name=\"UtcTime\">2018-04-11 06:14:57.040</Data> \n    <Data Name=\"ProcessGuid\">{A98268C1-A7BF-5ACD-0000-00106B2EBE00}</Data> \n    <Data Name=\"ProcessId\">2676</Data> \n    <Data Name=\"Image\">C:\\Windows\\regedit.exe</Data> \n    <Data Name=\"TargetObject\">HKLM\\SOFTWARE\\Microsoft\\Windows\\CurrentVersion\\Run\\New Key #1</Data> \n    <Data Name=\"NewName\">\\REGISTRY\\MACHINE\\SOFTWARE\\Microsoft\\Windows\\CurrentVersion\\Run\\hello</Data> \n  </EventData>\n</Event>"}}, "6": {"event_log_illustration": {"image": {"width": 625, "alt": "Event 6 illustration", "height": 625, "link": "https://github.com/Cyb3rWard0g/OSSEM/blob/master/resources/images/event-6.png"}}, "data_dictionary": {"event_creation_time": {"field_name": "UtcTime", "type": "date", "sample_value": "4/11/18 5:21", "description": "Time in UTC when event was created"}, "driver_signature": {"field_name": "Signature", "type": "string", "sample_value": "Microsoft Corporation", "description": "The signer"}, "driver_loaded": {"field_name": "ImageLoaded", "type": "string", "sample_value": "C:\\ProgramData\\Microsoft\\Windows Defender\\Definition Updates{741285CC-BF49-492C-90BE-E84BD6CADD73}\\MpKsl4d223a5a.sys", "description": "full path of the driver loaded"}, "driver_is_signed": {"field_name": "Signed", "type": "boolean", "sample_value": "TRUE", "description": "is the driver loaded signed"}, "driver_signature_status": {"field_name": "SignatureStatus", "type": "string", "sample_value": "Valid", "description": "status of the signature (i.e valid)"}, "hash": {"field_name": "Hashes", "type": "string", "sample_value": "SHA1=38310AD6805DC31D5AA61BE182689D63060ACE94, MD5=BF2513029E231BE96D82F7C3ABFF87F4, SHA256=F6DB64112CC50EEE495E2D7C61B8BDBE757A31B03144B0396615FD38C312824E, IMPHASH=06D4A412CF7F5363C49E629BF34446B3", "description": "Hashes captured by sysmon driver"}}, "description": {"text": "The driver loaded events provides information about a driver being loaded on the system. The configured hashes are provided as well as signature information. The signature is created asynchronously for performance reasons and indicates if the file was removed after loading.", "links": [{"text": "Sysmon Source", "link": "https://docs.microsoft.com/en-us/sysinternals/downloads/sysmon#event-id-6-driver-loaded"}]}, "title": "Event ID 6: Driver loaded", "meta": {"sysmon_version": "7.01", "sysmon_rule": "DriverLoad", "date": "04/11/2018", "description": "The driver loaded events provides information about a driver being loaded on the system.", "log_type": "sysmon", "title": "Event ID 6 - Driver loaded", "author": "Roberto Rodriguez (@Cyb3rWard0g)"}, "event_data": {"type": "xml", "data": "<Event xmlns=\"http://schemas.microsoft.com/win/2004/08/events/event\">\n  <System>\n    <Provider Name=\"Microsoft-Windows-Sysmon\" Guid=\"{5770385F-C22A-43E0-BF4C-06F5698FFBD9}\" /> \n    <EventID>6</EventID> \n    <Version>3</Version> \n    <Level>4</Level> \n    <Task>6</Task> \n    <Opcode>0</Opcode> \n    <Keywords>0x8000000000000000</Keywords> \n    <TimeCreated SystemTime=\"2018-04-11T05:21:34.704903800Z\" /> \n    <EventRecordID>11744642</EventRecordID> \n    <Correlation /> \n    <Execution ProcessID=\"2152\" ThreadID=\"3408\" /> \n    <Channel>Microsoft-Windows-Sysmon/Operational</Channel> \n    <Computer>DESKTOP-WARDOG</Computer> \n    <Security UserID=\"S-1-5-18\" /> \n  </System>\n  <EventData>\n    <Data Name=\"UtcTime\">2018-04-11 05:21:34.650</Data> \n    <Data Name=\"ImageLoaded\">C:\\ProgramData\\Microsoft\\Windows Defender\\Definition Updates\\{741285CC-BF49-492C-90BE-E84BD6CADD73}\\MpKsl4d223a5a.sys</Data> \n    <Data Name=\"Hashes\">SHA1=38310AD6805DC31D5AA61BE182689D63060ACE94,MD5=BF2513029E231BE96D82F7C3ABFF87F4,SHA256=F6DB64112CC50EEE495E2D7C61B8BDBE757A31B03144B0396615FD38C312824E,IMPHASH=06D4A412CF7F5363C49E629BF34446B3</Data> \n    <Data Name=\"Signed\">true</Data> \n    <Data Name=\"Signature\">Microsoft Corporation</Data> \n    <Data Name=\"SignatureStatus\">Valid</Data> \n  </EventData>\n</Event>"}}, "1"