: {"event_log_illustration": {"image": {"width": 625, "alt": "Event 2 illustration", "height": 625, "link": "https://github.com/Cyb3rWard0g/OSSEM/blob/master/resources/images/event-1.png"}}, "data_dictionary": {"process_id": {"field_name": "ProcessId", "type": "integer", "sample_value": 4756, "description": "Process ID used by the os to identify the created process (child)"}, "user_session_id": {"field_name": "TerminalSessionId", "type": "integer", "sample_value": 1, "description": "ID of the session the user belongs to"}, "process_parent_guid": {"field_name": "ParentProcessGuid", "type": "string", "sample_value": "{A98268C1-9C2E-5ACD-0000-00100266AB00}", "description": "ProcessGUID of the process that spawned/created the main process (child)"}, "file_current_directory": {"field_name": "CurrentDirectory", "type": "string", "sample_value": "C:\\WINDOWS", "description": "The path without the name of the image associated with the process"}, "process_guid": {"field_name": "ProcessGuid", "type": "string", "sample_value": "{A98268C1-9C2E-5ACD-0000-0010396CAB00}", "description": "Process Guid of the process that got spawned/created (child)"}, "file_version": {"field_name": "FileVersion", "type": "string", "sample_value": "10.0.16299.15 (WinBuild.160101.0800)", "description": "Version of the image associated with the main process (child)"}, "process_name": {"field_name": "Image", "type": "string", "sample_value": "conhost.exe", "description": "The name of the executable without full path related to the process being spawned/created in the event. Considered also the child or source process"}, "process_integrity_level": {"field_name": "IntegrityLevel", "type": "string", "sample_value": "Medium", "description": "Integrity label assigned to a process"}, "user_logon_id": {"field_name": "LogonId", "type": "integer", "sample_value": 1008153, "description": "Login ID of the user who created the new process. Value that can help you correlate this event with others that contain the same Logon ID"}, "process_parent_name": {"field_name": "ParentImage", "type": "string", "sample_value": "cmd.exe", "description": "The name of the executable related to the target process"}, "process_parent_id": {"field_name": "ParentProcessId", "type": "integer", "sample_value": 240, "description": "Process ID of the process that spawned/created the main process (child)"}, "file_company": {"field_name": "Company", "type": "string", "sample_value": "Microsoft Corporation", "description": "Company name the image associated with the main process (child) belongs to"}, "file_product": {"field_name": "Product", "type": "string", "sample_value": "Microsoft\u00ae Windows\u00ae Operating System", "description": "Product name the image associated with the main process (child) belongs to"}, "event_date_creation": {"field_name": "UtcTime", "type": "date", "sample_value": "4/11/18 5:25", "description": "Time in UTC when event was created"}, "user_name": {"field_name": "User", "type": "string", "sample_value": "DESKTOP-WARDOG\\wardog", "description": "Name of the account who created the process (child) . It usually contains domain name and user name (Parsed to show only username without the domain)"}, "user_logon_guid": {"field_name": "LogonGuid", "type": "string", "sample_value": "{A98268C1-95F2-5ACD-0000-002019620F00}", "description": "Logon GUID of the user who created the new process. Value that can help you correlate this event with others that contain the same Logon GUID (Sysmon Events)"}, "process_path": {"field_name": "Image", "type": "string", "sample_value": "C:\\Windows\\System32\\conhost.exe", "description": "File path of the process being spawned/created. Considered also the child or source process"}, "file_description": {"field_name": "Description", "type": "string", "sample_value": "Console Window Host", "description": "Description of the image associated with the main process (child)"}, "process_parent_path": {"field_name": "ParentImage", "type": "string", "sample_value": "C:\\Windows\\System32\\cmd.exe", "description": "File path that spawned/created the main process"}, "process_parent_command_line": {"field_name": "ParentCommandLine", "type": "string", "sample_value": "C:\\WINDOWS\\system32\\cmd.exe", "description": "Arguments which were passed to the executable associated with the parent process"}, "process_command_line": {"field_name": "CommandLine", "type": "string", "sample_value": "??\\C:\\WINDOWS\\system32\\conhost.exe 0xffffffff -ForceV1", "description": "Arguments which were passed to the executable associated with the main process"}, "hash": {"field_name": "Hashes", "type": "string", "sample_value": "SHA1=B0BF5AC2E81BBF597FAD5F349FEEB32CAC449FA2, MD5=6A255BEBF3DBCD13585538ED47DBAFD7, SHA256=4668BB2223FFB983A5F1273B9E3D9FA2C5CE4A0F1FB18CA5C1B285762020073C, IMPHASH=2505BD03D7BD285E50CE89CEC02B333B", "description": "Hashes captured by sysmon driver"}}, "description": {"text": "The process creation event provides extended information about a newly created process. The full command line provides context on the process execution. The ProcessGUID field is a unique value for this process across a domain to make event correlation easier. The hash is a full hash of the file with the algorithms in the HashType field.", "links": [{"text": "Sysmon Source", "link": "https://docs.microsoft.com/en-us/sysinternals/downloads/sysmon#event-id-1-process-creation"}]}, "title": "Event ID 1: Process creation", "meta": {"sysmon_version": "7.01", "sysmon_rule": "ProcessCreate", "date": "04/11/2018", "description": "The process creation event provides extended information about a newly created process.", "log_type": "sysmon", "title": "Event ID 1 - Process creation", "author": "Roberto Rodriguez (@Cyb3rWard0g)"}, "event_data": {"type": "xml", "data": "<Event xmlns=\"http://schemas.microsoft.com/win/2004/08/events/event\">\n  <System>\n    <Provider Name=\"Microsoft-Windows-Sysmon\" Guid=\"{5770385F-C22A-43E0-BF4C-06F5698FFBD9}\" /> \n    <EventID>1</EventID> \n    <Version>5</Version> \n    <Level>4</Level> \n    <Task>1</Task> \n    <Opcode>0</Opcode> \n    <Keywords>0x8000000000000000</Keywords> \n    <TimeCreated SystemTime=\"2018-04-11T05:25:02.959125700Z\" /> \n    <EventRecordID>11748095</EventRecordID> \n    <Correlation /> \n    <Execution ProcessID=\"2152\" ThreadID=\"3392\" /> \n    <Channel>Microsoft-Windows-Sysmon/Operational</Channel> \n    <Computer>DESKTOP-WARDOG</Computer> \n    <Security UserID=\"S-1-5-18\" /> \n  </System>\n  <EventData>\n    <Data Name=\"UtcTime\">2018-04-11 05:25:02.955</Data> \n    <Data Name=\"ProcessGuid\">{A98268C1-9C2E-5ACD-0000-0010396CAB00}</Data> \n    <Data Name=\"ProcessId\">4756</Data> \n    <Data Name=\"Image\">C:\\Windows\\System32\\conhost.exe</Data> \n    <Data Name=\"FileVersion\">10.0.16299.15 (WinBuild.160101.0800)</Data> \n    <Data Name=\"Description\">Console Window Host</Data> \n    <Data Name=\"Product\">Microsoft\u00ae Windows\u00ae Operating System</Data> \n    <Data Name=\"Company\">Microsoft Corporation</Data> \n    <Data Name=\"CommandLine\">\\??\\C:\\WINDOWS\\system32\\conhost.exe 0xffffffff -ForceV1</Data> \n    <Data Name=\"CurrentDirectory\">C:\\WINDOWS</Data> \n    <Data Name=\"User\">DESKTOP-WARDOG\\wardog</Data> \n    <Data Name=\"LogonGuid\">{A98268C1-95F2-5ACD-0000-002019620F00}</Data> \n    <Data Name=\"LogonId\">0xf6219</Data> \n    <Data Name=\"TerminalSessionId\">1</Data> \n    <Data Name=\"IntegrityLevel\">Medium</Data> \n    <Data Name=\"Hashes\">SHA1=B0BF5AC2E81BBF597FAD5F349FEEB32CAC449FA2,MD5=6A255BEBF3DBCD13585538ED47DBAFD7,SHA256=4668BB2223FFB983A5F1273B9E3D9FA2C5CE4A0F1FB18CA5C1B285762020073C,IMPHASH=2505BD03D7BD285E50CE89CEC02B333B</Data> \n    <Data Name=\"ParentProcessGuid\">{A98268C1-9C2E-5ACD-0000-00100266AB00}</Data> \n    <Data Name=\"ParentProcessId\">240</Data> \n    <Data Name=\"ParentImage\">C:\\Windows\\System32\\cmd.exe</Data> \n    <Data Name=\"ParentCommandLine\">\"C:\\WINDOWS\\system32\\cmd.exe\"</Data> \n  </EventData>\n</Event>"}}, "17": {"event_log_illustration": {"image": {"width": 625, "alt": "Event 17 illustration", "height": 625, "link": "https://github.com/Cyb3rWard0g/OSSEM/blob/master/resources/images/event-17.png"}}, "data_dictionary": {"pipe_name": {"field_name": "PipeName", "type": "string", "sample_value": "Anonymous Pipe", "description": "Name of the pipe created"}, "process_guid": {"field_name": "ProcessGuid", "type": "string", "sample_value": "{A98268C1-A968-5ACD-0000-0010BD4EC200}", "description": "Process Guid of the process that created the pipe"}, "event_creation_time": {"field_name": "UtcTime", "type": "date", "sample_value": "4/11/18 6:21", "description": "Time in UTC when event was created"}, "process_name": {"field_name": "Image", "type": "string", "sample_value": "C:\\WINDOWS\\system32\\cmd.exe", "description": "File path of the process that created the pipe"}, "process_id": {"field_name": "ProcessId", "type": "integer", "sample_value": 1224, "description": "Process ID used by the os to identify the process that created the pipe"}}, "description": {"text": "This event generates when a named pipe is created. Malware often uses named pipes for interprocess communication.", "links": [{"text": "Sysmon Source", "link": "https://docs.microsoft.com/en-us/sysinternals/downloads/sysmon#event-id-17-pipeevent-pipe-created"}]}, "title": "Event ID 17: PipeEvent (Pipe Created)", "meta": {"sysmon_version": "7.01", "sysmon_rule": "PipeEvent", "date": "04/11/2018", "description": "This event generates when a named pipe is created.", "log_type": "sysmon", "title": "Event ID 17 - PipeEvent (Pipe Created)", "author": "Roberto Rodriguez (@Cyb3rWard0g)"}, "event_data": {"type": "xml", "data": "<Event xmlns=\"http://schemas.microsoft.com/win/2004/08/events/event\">\n  <System>\n    <Provider Name=\"Microsoft-Windows-Sysmon\" Guid=\"{5770385F-C22A-43E0-BF4C-06F5698FFBD9}\" /> \n    <EventID>17</EventID> \n    <Version>1</Version> \n    <Level>4</Level> \n    <Task>17</Task> \n    <Opcode>0</Opcode> \n    <Keywords>0x8000000000000000</Keywords> \n    <TimeCreated SystemTime=\"2018-04-11T06:21:28.950312900Z\" /> \n    <EventRecordID>11769418</EventRecordID> \n    <Correlation /> \n    <Execution ProcessID=\"6028\" ThreadID=\"4132\" /> \n    <Channel>Microsoft-Windows-Sysmon/Operational</Channel> \n    <Computer>DESKTOP-WARDOG</Computer> \n    <Security UserID=\"S-1-5-18\" /> \n  </System>\n  <EventData>\n    <Data Name=\"UtcTime\">2018-04-11 06:21:28.947</Data> \n    <Data Name=\"ProcessGuid\">{A98268C1-A968-5ACD-0000-0010BD4EC200}</Data> \n    <Data Name=\"ProcessId\">1224</Data> \n    <Data Name=\"PipeName\"><Anonymous Pipe></Data> \n    <Data Name=\"Image\">C:\\WINDOWS\\system32\\cmd.exe</Data> \n  </EventData>\n</Event>"}}, "3": {"event_log_illustration": {"image": {"width": 625, "alt": "Event 3 illustration", "height": 625, "link": "https://github.com/Cyb3rWard0g/OSSEM/blob/master/resources/images/event-3.png"}}, "data_dictionary": {"dst_port": {"field_name": "DestinationPort", "type": "integer", "sample_value": 138, "description": "destination port number"}, "process_id": {"field_name": "ProcessId", "type": "integer", "sample_value": 4, "description": "Process ID used by the os to identify the process that made the network connection"}, "event_creation_time": {"field_name": "UtcTime", "type": "date", "sample_value": "4/11/18 5:29", "description": "Time in UTC when event was created"}, "dst_is_ipv6": {"field_name": "DestinationIsIpv6", "type": "boolean", "sample_value": "C:\\Windows\\System32\\cmd.exe", "description": "is the destination ip an Ipv6"}, "network_protocol": {"field_name": "Protocol", "type": "string", "sample_value": "udp", "description": "Protocol being used for the network connection"}, "process_guid": {"field_name": "ProcessGuid", "type": "string", "sample_value": "{A98268C1-957F-5ACD-0000-0010EB030000}", "description": "Process Guid of the process that made the network connection"}, "src_host_name": {"field_name": "SourceHostname", "type": "string", "sample_value": "computer_name or none for broadcast", "description": "name of the host that made the network connection"}, "src_is_ipv6": {"field_name": "SourceIsIpv6", "type": "boolean", "sample_value": "FALSE", "description": "is the source ip an Ipv6"}, "dst_ip": {"field_name": "DestinationIp", "type": "ip", "sample_value": "192.168.64.135", "description": "ip address destination"}, "user_name": {"field_name": "User", "type": "string", "sample_value": "NT AUTHORITY\\SYSTEM", "description": "Name of the account who made the network connection. It usually containes domain name and user name"}, "src_port_name": {"field_name": "SourcePortName", "type": "string", "sample_value": "netbios-dgm", "description": "name of the source port being used (i.e. netbios-dgm)"}, "dst_port_name": {"field_name": "DestinationPortName", "type": "string", "sample_value": "netbios-dgm", "description": "name of the destination port"}, "src_ip": {"field_name": "SourceIp", "type": "ip", "sample_value": "192.168.64.255", "description": "source ip address that made the network connection"}, "network_connection_initiated": {"field_name": "Initiated", "type": "boolean", "sample_value": "FALSE", "description": "Indicated process initiated tcp connection"}, "process_name": {"field_name": "Image", "type": "string", "sample_value": "System", "description": "File path of the process that made the network connection"}, "src_port": {"field_name": "SourcePort", "type": "integer", "sample_value": 138, "description": "source port number"}}, "description": {"text": "The network connection event logs TCP/UDP connections on the machine. It is disabled by default. Each connection is linked to a process through the ProcessId and ProcessGUID fields. The event also contains the source and destination host names IP addresses, port numbers and IPv6 status.", "links": [{"text": "Sysmon Source", "link": "https://docs.microsoft.com/en-us/sysinternals/downloads/sysmon#event-id-3-network-connection"}]}, "title": "Event ID 3: Network connection", "meta": {"sysmon_version": "7.01", "sysmon_rule": "NetworkConnect", "date": "04/11/2018", "description": "The network connection event logs TCP/UDP connections on the machine.", "log_type": "sysmon", "title": "Event ID 3 - Network connection", "author": "Roberto Rodriguez (@Cyb3rWard0g)"}, "event_data": {"type": "xml", "data": "<Event xmlns=\"http://schemas.microsoft.com/win/2004/08/events/event\">\n  <System>\n    <Provider Name=\"Microsoft-Windows-Sysmon\" Guid=\"{5770385F-C22A-43E0-BF4C-06F5698FFBD9}\" /> \n    <EventID>3</EventID> \n    <Version>5</Version> \n    <Level>4</Level> \n    <Task>3</Task> \n    <Opcode>0</Opcode> \n    <Keywords>0x8000000000000000</Keywords> \n    <TimeCreated SystemTime=\"2018-04-11T05:29:36.333863500Z\" /> \n    <EventRecordID>11750109</EventRecordID> \n    <Correlation /> \n    <Execution ProcessID=\"2152\" ThreadID=\"3236\" /> \n    <Channel>Microsoft-Windows-Sysmon/Operational</Channel> \n    <Computer>DESKTOP-WARDOG</Computer> \n    <Security UserID=\"S-1-5-18\" /> \n  </System>\n  <EventData>\n    <Data Name=\"UtcTime\">2018-04-11 05:29:35.394</Data> \n    <Data Name=\"ProcessGuid\">{A98268C1-957F-5ACD-0000-0010EB030000}</Data> \n    <Data Name=\"ProcessId\">4</Data> \n    <Data Name=\"Image\">System</Data> \n    <Data Name=\"User\">NT AUTHORITY\\SYSTEM</Data> \n    <Data Name=\"Protocol\">udp</Data> \n    <Data Name=\"Initiated\">false</Data> \n    <Data Name=\"SourceIsIpv6\">false</Data> \n    <Data Name=\"SourceIp\">192.168.64.255</Data> \n    <Data Name=\"SourceHostname\" /> \n    <Data Name=\"SourcePort\">138</Data> \n    <Data Name=\"SourcePortName\">netbios-dgm</Data> \n    <Data Name=\"DestinationIsIpv6\">false</Data> \n    <Data Name=\"DestinationIp\">192.168.64.135</Data> \n    <Data Name=\"DestinationHostname\">DESKTOP-WARDOG.localdomain</Data> \n    <Data Name=\"DestinationPort\">138</Data> \n    <Data Name=\"DestinationPortName\">netbios-dgm</Data> \n  </EventData>\n</Event>"}}, "19": {"event_log_illustration": {"image": {"width": 625, "alt": "Event 19 illustration", "height": 625, "link": "https://github.com/Cyb3rWard0g/OSSEM/blob/master/resources/images/event-19.png"}}, "data_dictionary": {"wmi_filter_name": {"field_name": "Name", "type": "string", "sample_value": "Updater", "description": "Wmi filter name being created"}, "event_type": {"field_name": "EventType", "type": "string", "sample_value": "WmiFilterEvent", "description": "wmievent type"}, "event_creation_time": {"field_name": "UtcTime", "type": "date", "sample_value": "2018-09-11 23:12:46.606", "description": "Time in UTC when event was created"}, "tag": {"field_name": "RuleName", "type": "string", "sample_value": "T1114", "description": "custom tag mapped to event. i.e ATT&CK technique ID"}, "wmi_operation": {"field_name": "Operation", "type": "string", "sample_value": "Created", "description": "wmievent filter operation"}, "wmi_query": {"field_name": "Query", "type": "string", "sample_value": "\"SELECT * FROM __InstanceModificationEvent WITHIN 60 WHERE TargetInstance ISA 'Win32_PerfFormattedData_PerfOS_System' AND TargetInstance.SystemUpTime >= 240 AND TargetInstance.SystemUpTime < 325\"", "description": "wmi filter query"}, "wmi_namespace": {"field_name": "EventNamespace", "type": "string", "sample_value": "root\\CimV2", "description": "event namespace where the wmi clas"}, "user_name": {"field_name": "User", "type": "string", "sample_value": "DESKTOP-LFD11QP\\pedro", "description": "user that created the wmi filter"}}, "description": {"text": "When a WMI event filter is registered, which is a method used by malware to execute, this event logs the WMI namespace, filter name and filter expression.", "links": [{"text": "Sysmon Source", "link": "https://docs.microsoft.com/en-us/sysinternals/downloads/sysmon#event-id-19-wmievent-wmieventfilter-activity-detected"}]}, "title": "Event ID 19: WmiEvent (WmiEventFilter activity detected)", "meta": {"sysmon_version": "8.08", "sysmon_rule": "WmiEvent", "date": "09/12/2018", "description": "This event logs when a WMI event filter is registered, which is a method used by malware to execute", "log_type": "sysmon", "title": "Event ID 19 - WmiEvent (WmiEventFilter activity detected)", "author": "Roberto Rodriguez (@Cyb3rWard0g)"}, "event_data": {"type": "xml", "data": "<Event xmlns=\"http://schemas.microsoft.com/win/2004/08/events/event\">\n  <System>\n    <Provider Name=\"Microsoft-Windows-Sysmon\" Guid=\"{5770385F-C22A-43E0-BF4C-06F5698FFBD9}\" /> \n    <EventID>19</EventID> \n    <Version>3</Version> \n    <Level>4</Level> \n    <Task>19</Task> \n    <Opcode>0</Opcode> \n    <Keywords>0x8000000000000000</Keywords> \n    <TimeCreated SystemTime=\"2018-09-11T23:12:46.619343600Z\" /> \n    <EventRecordID>448094</EventRecordID> \n    <Correlation /> \n    <Execution ProcessID=\"2204\" ThreadID=\"2316\" /> \n    <Channel>Microsoft-Windows-Sysmon/Operational</Channel> \n    <Computer>DESKTOP-LFD11QP</Computer> \n    <Security UserID=\"S-1-5-18\" /> \n  </System>\n  <EventData>\n    <Data Name=\"RuleName\" /> \n    <Data Name=\"EventType\">WmiFilterEvent</Data> \n    <Data Name=\"UtcTime\">2018-09-11 23:12:46.606</Data> \n    <Data Name=\"Operation\">Created</Data> \n    <Data Name=\"User\">DESKTOP-LFD11QP\\pedro</Data> \n    <Data Name=\"EventNamespace\">\"root\\\\CimV2\"</Data> \n    <Data Name=\"Name\">\"Updater\"</Data> \n    <Data Name=\"Query\">\"SELECT * FROM __InstanceModificationEvent WITHIN 60 WHERE TargetInstance ISA 'Win32_PerfFormattedData_PerfOS_System' AND TargetInstance.SystemUpTime >= 240 AND TargetInstance.SystemUpTime < 325\"</Data> \n  </EventData>\n</Event>"}}, "16": {"event_log_illustration": {"image": {"width": 625, "alt": "Event 16 illustration", "height": 625, "link": "https://github.com/Cyb3rWard0g/OSSEM/blob/master/resources/images/event-16.png"}}, "data_dictionary": {"event_creation_time": {"field_name": "UtcTime", "type": "date", "sample_value": "4/11/18 5:25", "description": "Time in UTC when event was created"}, "sysmon_configuration": {"field_name": "Configuration", "type": "string", "sample_value": "C:\\Tools\\sysmon_config\\StartLogging.xml", "description": "name of the sysmon config file being updated"}, "sysmon_configuration_hash": {"field_name": "ConfigurationFileHash", "type": "string", "sample_value": "SHA1=647B4A564FA2684252EFB1EA550A06EC432418C8", "description": "hash (SHA1) of the sysmon config file being updated"}}, "description": {"text": "This event logs when the local sysmon configuration is updated."}, "title": "Event ID 16 - Sysmon Config State Changed", "meta": {"sysmon_version": "7.01", "sysmon_rule": "cannot be filtered", "date": "04/11/2018", "description": "This event logs when the local sysmon configuration is updated.", "log_type": "sysmon", "title": "Event ID 16 - Sysmon Config State Changed", "author": "Roberto Rodriguez (@Cyb3rWard0g)"}, "event_data": {"type": "xml", "data": "<Event xmlns=\"http://schemas.microsoft.com/win/2004/08/events/event\">\n  <System>\n    <Provider Name=\"Microsoft-Windows-Sysmon\" Guid=\"{5770385F-C22A-43E0-BF4C-06F5698FFBD9}\" /> \n    <EventID>16</EventID> \n    <Version>3</Version> \n    <Level>4</Level> \n    <Task>16</Task> \n    <Opcode>0</Opcode> \n    <Keywords>0x8000000000000000</Keywords> \n    <TimeCreated SystemTime=\"2018-04-11T06:22:44.899735300Z\" /> \n    <EventRecordID>11771907</EventRecordID> \n    <Correlation /> \n    <Execution ProcessID=\"424\" ThreadID=\"5472\" /> \n    <Channel>Microsoft-Windows-Sysmon/Operational</Channel> \n    <Computer>DESKTOP-WARDOG</Computer> \n    <Security UserID=\"S-1-5-21-3825400013-1856045589-1834093677-1001\" /> \n  </System>\n  <EventData>\n    <Data Name=\"UtcTime\">2018-04-11 06:22:44.887</Data> \n    <Data Name=\"Configuration\">C:\\Tools\\sysmon_config\\StartLogging.xml</Data> \n    <Data Name=\"ConfigurationFileHash\">SHA1=647B4A564FA2684252EFB1EA550A06EC432418C8</Data> \n  </EventData>\n</Event>"}}, "5": {"event_log_illustration": {"image": {"width": 625, "alt": "Event 5 illustration", "height": 625, "link": "https://github.com/Cyb3rWard0g/OSSEM/blob/master/resources/images/event-5.png"}}, "data_dictionary": {"process_name": {"field_name": "Image", "type": "string", "sample_value": "backgroundTaskHost.exe", "description": "The name of the executable of the process that terminated"}, "process_guid": {"field_name": "ProcessGuid", "type": "string", "sample_value": "{A98268C1-9ECD-5ACD-0000-0010EF6BAF00}", "description": "Process Guid of the process that terminated"}, "event_creation_time": {"field_name": "UtcTime", "type": "date", "sample_value": "4/11/18 5:37", "description": "Time in UTC when event was created"}, "process_path": {"field_name": "Image", "type": "string", "sample_value": "C:\\Windows\\System32\\backgroundTaskHost.exe", "description": "File path of the process that terminated"}, "process_id": {"field_name": "ProcessId", "type": "integer", "sample_value": 2428, "description": "Process ID used by the os to identify the process that terminated"}}, "description": {"text": "The process terminate event reports when a process terminates. It provides the UtcTime, ProcessGuid and ProcessId of the process.", "links": [{"text": "Sysmon Source", "link": "https://docs.microsoft.com/en-us/sysinternals/downloads/sysmon#event-id-5-process-terminated"}]}, "title": "Event ID 5: Process terminated", "meta": {"sysmon_version": "7.01", "sysmon_rule": "ProcessTerminate", "date": "04/11/2018", "description": "The process terminate event reports when a process terminates.", "log_type": "sysmon", "title": "Event ID 5 - Process terminated", "author": "Roberto Rodriguez (@Cyb3rWard0g)"}, "event_data": {"type": "xml", "data": "<Event xmlns=\"http://schemas.microsoft.com/win/2004/08/events/event\">\n  <System>\n    <Provider Name=\"Microsoft-Windows-Sysmon\" Guid=\"{5770385F-C22A-43E0-BF4C-06F5698FFBD9}\" /> \n    <EventID>5</EventID> \n    <Version>3</Version> \n    <Level>4</Level> \n    <Task>5</Task> \n    <Opcode>0</Opcode> \n    <Keywords>0x8000000000000000</Keywords> \n    <TimeCreated SystemTime=\"2018-04-11T05:37:43.157314700Z\" /> \n    <EventRecordID>11753935</EventRecordID> \n    <Correlation /> \n    <Execution ProcessID=\"6028\" ThreadID=\"4132\" /> \n    <Channel>Microsoft-Windows-Sysmon/Operational</Channel> \n    <Computer>DESKTOP-WARDOG</Computer> \n    <Security UserID=\"S-1-5-18\" /> \n  </System>\n  <EventData>\n    <Data Name=\"UtcTime\">2018-04-11 05:37:43.153</Data> \n    <Data Name=\"ProcessGuid\">{A98268C1-9ECD-5ACD-0000-0010EF6BAF00}</Data> \n    <Data Name=\"ProcessId\">2428</Data> \n    <Data Name=\"Image\">C:\\Windows\\System32\\backgroundTaskHost.exe</Data> \n  </EventData>\n</Event>"}}, "README": null, "18": {"event_log_illustration": {"image": {"width": 625, "alt": "Event 18 illustration", "height": 625, "link": "https://github.com/Cyb3rWard0g/OSSEM/blob/master/resources/images/event-18.png"}}, "data_dictionary": {"pipe_name": {"field_name": "PipeName", "type": "string", "sample_value": "\\srvsvc", "description": "Name of the pipe connecged"}, "process_guid": {"field_name": "ProcessGuid", "type": "string", "sample_value": "{A98268C1-959E-5ACD-0000-0010236E0300}", "description": "Process Guid of the process that connected the pipe"}, "event_creation_time": {"field_name": "UtcTime", "type": "date", "sample_value": "4/11/18 6:28", "description": "Time in UTC when event was created"}, "process_name": {"field_name": "Image", "type": "string", "sample_value": "C:\\WINDOWS\\system32\\wbem\\wmiprvse.exe", "description": "File path of the process that connected the pipe"}, "process_id": {"field_name": "ProcessId", "type": "integer", "sample_value": 1896, "description": "Process ID used by the os to identify the process that connected the pipe"}}, "description": {"text": "This event logs when a named pipe connection is made between a client and a server.", "links": [{"text": "Sysmon Source", "link": "https://docs.microsoft.com/en-us/sysinternals/downloads/sysmon#event-id-18-pipeevent-pipe-connected"}]}, "title": "Event ID 18: PipeEvent (Pipe Connected)", "meta": {"sysmon_version": "7.01", "sysmon_rule": "PipeEvent", "date": "04/11/2018", "description": "This event logs when a named pipe connection is made between a client and a server.", "log_type": "sysmon", "title": "Event ID 18 - PipeEvent (Pipe Connected)", "author": "Roberto Rodriguez (@Cyb3rWard0g)"}, "event_data": {"type": "xml", "data": "<Event xmlns=\"http://schemas.microsoft.com/win/2004/08/events/event\">\n  <System>\n    <Provider Name=\"Microsoft-Windows-Sysmon\" Guid=\"{5770385F-C22A-43E0-BF4C-06F5698FFBD9}\" /> \n    <EventID>18</EventID> \n    <Version>1</Version> \n    <Level>4</Level> \n    <Task>18</Task> \n    <Opcode>0</Opcode> \n    <Keywords>0x8000000000000000</Keywords> \n    <TimeCreated SystemTime=\"2018-04-11T06:28:22.963327100Z\" /> \n    <EventRecordID>11773738</EventRecordID> \n    <Correlation /> \n    <Execution ProcessID=\"6028\" ThreadID=\"4132\" /> \n    <Channel>Microsoft-Windows-Sysmon/Operational</Channel> \n    <Computer>DESKTOP-WARDOG</Computer> \n    <Security UserID=\"S-1-5-18\" /> \n  </System>\n  <EventData>\n    <Data Name=\"UtcTime\">2018-04-11 06:28:22.960</Data> \n    <Data Name=\"ProcessGuid\">{A98268C1-959E-5ACD-0000-0010236E0300}</Data> \n    <Data Name=\"ProcessId\">1896</Data> \n    <Data Name=\"PipeName\">\\srvsvc</Data> \n    <Data Name=\"Image\">C:\\WINDOWS\\system32\\wbem\\wmiprvse.exe</Data> \n  </EventData>\n</Event>"}}, "8": {"data_dictionary": {"process_id": {"field_name": "SourceProcessId", "type": "integer", "sample_value": 684, "description": "Process ID used by the os to identify the source process that created a thread in another process"}, "event_creation_time": {"field_name": "UtcTime", "type": "date", "sample_value": "4/11/18 5:25", "description": "Time in UTC when event was created"}, "thread_start_address": {"field_name": "StartAddress", "type": "string", "sample_value": "0x00007FFA356A7E40", "description": "New thread start address"}, "target_process_path": {"field_name": "TargetImage", "type": "string", "sample_value": "C:\\Windows\\System32\\cmd.exe", "description": "File path of the target process"}, "process_guid": {"field_name": "SourceProcessGuid", "type": "string", "sample_value": "{A98268C1-9586-5ACD-0000-001070A20000}", "description": "Process Guid of the source process that created a thread in another process"}, "thread_start_module": {"field_name": "StartModule", "type": "string", "sample_value": "C:\\WINDOWS\\System32\\KERNELBASE.dll", "description": "Start module determined from thread start address mapping to PEB loaded module list"}, "target_process_name": {"field_name": "TargetImage", "type": "string", "sample_value": "cmd.exe", "description": "File name of the target process"}, "thread_new_id": {"field_name": "NewThreadId", "type": "integer", "sample_value": 2336, "description": "Id of the new thread created in the target process"}, "process_name": {"field_name": "SourceImage", "type": "string", "sample_value": "csrss.exe", "description": "The name of the executable for the source process that created a thread in another process"}, "thread_start_function": {"field_name": "StartFunction", "type": "string", "sample_value": "CtrlRoutine", "description": "Start function is reported if exact match to function in image export table"}, "process_path": {"field_name": "SourceImage", "type": "string", "sample_value": "C:\\Windows\\System32\\csrss.exe", "description": "File path of the source process that created a thread in another process"}, "target_process_id": {"field_name": "TargetProcessId", "type": "integer", "sample_value": 240, "description": "Process ID used by the os to identify the target process"}, "target_process_guid": {"field_name": "TargetProcessGuid", "type": "string", "sample_value": "{A98268C1-9C2E-5ACD-0000-00100266AB00}", "description": "Process Guid of the target process"}}, "event_data": {"type": "xml", "data": "<Event xmlns=\"http://schemas.microsoft.com/win/2004/08/events/event\">\n  <System>\n    <Provider Name=\"Microsoft-Windows-Sysmon\" Guid=\"{5770385F-C22A-43E0-BF4C-06F5698FFBD9}\" /> \n    <EventID>8</EventID> \n    <Version>2</Version> \n    <Level>4</Level> \n    <Task>8</Task> \n    <Opcode>0</Opcode> \n    <Keywords>0x8000000000000000</Keywords> \n    <TimeCreated SystemTime=\"2018-04-11T05:25:04.660177300Z\" /> \n    <EventRecordID>11748252</EventRecordID> \n    <Correlation /> \n    <Execution ProcessID=\"2152\" ThreadID=\"3392\" /> \n    <Channel>Microsoft-Windows-Sysmon/Operational</Channel> \n    <Computer>DESKTOP-WARDOG</Computer> \n    <Security UserID=\"S-1-5-18\" /> \n  </System>\n  <EventData>\n    <Data Name=\"UtcTime\">2018-04-11 05:25:04.658</Data> \n    <Data Name=\"SourceProcessGuid\">{A98268C1-9586-5ACD-0000-001070A20000}</Data> \n    <Data Name=\"SourceProcessId\">684</Data> \n    <Data Name=\"SourceImage\">C:\\Windows\\System32\\csrss.exe</Data> \n    <Data Name=\"TargetProcessGuid\">{A98268C1-9C2E-5ACD-0000-00100266AB00}</Data> \n    <Data Name=\"TargetProcessId\">240</Data> \n    <Data Name=\"TargetImage\">C:\\Windows\\System32\\cmd.exe</Data> \n    <Data Name=\"NewThreadId\">2336</Data> \n    <Data Name=\"StartAddress\">0x00007FFA356A7E40</Data> \n    <Data Name=\"StartModule\">C:\\WINDOWS\\System32\\KERNELBASE.dll</Data> \n    <Data Name=\"StartFunction\">CtrlRoutine</Data> \n  </EventData>\n</Event>"}, "title": "Event ID 8: CreateRemoteThread", "meta": {"sysmon_version": "7.01", "sysmon_rule": "CreateRemoteThread", "date": "04/11/2018", "description": "The CreateRemoteThread event detects when a process creates a thread in another process.", "log_type": "sysmon", "title": "Event ID 8 - CreateRemoteThread", "author": "Roberto Rodriguez (@Cyb3rWard0g)"}, "description": {"text": "The CreateRemoteThread event detects when a process creates a thread in another process. This technique is used by malware to inject code and hide in other processes. The event indicates the source and target process. It gives information on the code that will be run in the new thread: StartAddress, StartModule and StartFunction. Note that StartModule and StartFunction fields are inferred, they might be empty if the starting address is outside loaded modules or known exported functions.", "links": [{"text": "Sysmon Source", "link": "https://docs.microsoft.com/en-us/sysinternals/downloads/sysmon#event-id-8-createremotethread"}]}}}, "so-host-data": {"logonsession": {"data_dictionary": {"": {"field_name": "PasswordMustChange", "type": "DATE", "sample_value": "1/1/1970 1:00:00 AM", "description": "Time when password must change"}}, "title": "SO Host Data - Logon Session Table", "meta": {"date": "06/09/2018", "sohostdata_category": "Logon Session", "description": "Active Logon Sessions.", "log_type": "so-host-data", "author": "Jared Atkinson (@jaredcatkinson)", "title": "WinEvent-LogonSession", "version": "alpha"}, "description": {"text": "Get-SOHostData uses the LsaEnumerateLogonSessions and LsaGetLogonSessionData APIs to enumerate active Logon Sessions running on the target system."}}, "accesstoken": {"data_dictionary": {"": {"field_name": "ElevationType", "type": "TEXT", "sample_value": "TokenElevationTypeFull", "description": "Token's elevation level"}}, "title": "SO Host Data - Access Token Table", "meta": {"date": "06/09/2018", "sohostdata_category": "Access Token", "description": "Enumerated Access Tokens for every Process and Thread", "log_type": "so-host-data", "author": "Jared Atkinson (@jaredcatkinson)", "title": "WinEvent-AccessToken", "version": "alpha"}, "description": {"text": "Get-SOHostData collects Access Tokens from every running Process and Thread. Threads only have their own Access Token if they are using impersonation, otherwise they inherit the token from their containing process."}}, "thread": {"data_dictionary": {"": {"field_name": "WaitReason", "type": "TEXT", "sample_value": "Suspended", "description": "The reason that the thread is waiting"}}, "title": "SO Host Data - Thread Table", "meta": {"date": "06/09/2018", "sohostdata_category": "Threads", "description": "Currently running threads.", "log_type": "so-host-data", "author": "Jared Atkinson (@jaredcatkinson)", "title": "WinEvent-Thread", "version": "alpha"}, "description": {"text": "Get-SOHostData enumerates active threads as reported by PowerShell's Get-Process cmdlet. Every resulting Process instance has a Threads property which contains a list of Threads contained within that Process."}}, "process": {"data_dictionary": {"": {"field_name": "CommandLine", "type": "TEXT", "sample_value": "\"C:\\Windows\\System32\\WindowsPowerShell\\v1.0\\powershell.exe\"", "description": "The command string used to launch the process"}}, "title": "SO Host Data - Process Table", "meta": {"date": "06/09/2018", "sohostdata_category": "Process", "description": "Running Processes on the target machine.", "log_type": "so-host-data", "author": "Jared Atkinson (@jaredcatkinson)", "title": "WinEvent-Process", "version": "alpha"}, "description": {"text": "Get-SOHostData enumerates active processes on the scanned system. To do this it combines the output of PowerShell's Get-Process cmdlet and the Win32"}}, "README": null, "images": {"so-host-data.png": null}, "memoryregion": {"data_dictionary": {"": {"field_name": "Type", "type": "TEXT", "sample_value": "MEM_PRIVATE", "description": "The type of pages in the region"}}, "title": "SO Host Data - Memory Region Table", "meta": {"date": "06/09/2018", "sohostdata_category": "Memory Region", "description": "Memory Regions that are pointed to by Thread's Start Address.", "log_type": "so-host-data", "author": "Jared Atkinson (@jaredcatkinson)", "title": "WinEvent-MemoryRegion", "version": "alpha"}, "description": {"text": "Currently, Get-SOHostData collects details about memory regions that are directly related to running Threads. "}}, "kerberosticketgrantingticket": {"data_dictionary": {"": {"field_name": "TimeSkew", "type": "LONG", "sample_value": "0", "description": "The measured time difference between the current time on the computer issuing the ticket and the computer where the ticket will be used"}}, "title": "Source Type: Kerberos Ticket Granting Ticket", "meta": {"date": "06/09/2018", "sohostdata_category": "Kerberos Ticket Granting Ticket", "description": "Enumerated Kerberos Ticket Granting Tickets.", "log_type": "so-host-data", "author": "Jared Atkinson (@jaredcatkinson)", "title": "WinEvent-KerberosTicketGrantingTicket", "version": "alpha"}, "description": {"text": "The Kerberos Ticket Granting Ticket (TGT) source type is derived by querying all active Logon Sessions for their TGT with the LsaCallAuthenticationPackage API."}}}, "powershell": {"README": null, "events": {"4104": {"event_log_illustration": {"image": {"width": 625, "alt": "Event 2 illustration", "height": 625, "link": "https://github.com/Cyb3rWard0g/OSSEM/blob/master/resources/images/event-4104.png"}}, "data_dictionary": {"powershell_scriptblock_id": {"field_name": "ScriptBlockId", "type": "string", "sample_value": "1c97482f-51a2-4cf9-8abd-df9769b6e373", "description": ""}, "powershell_message_number": {"field_name": "MessageNumber", "type": "integer", "sample_value": 1, "description": ""}, "powershell_Path": {"field_name": "Path", "type": "string", "sample_value": "C:\\Tools\\Invoke-ATTACKAPI-master\\Invoke-ATTACKAPI.ps1", "description": ""}, "powershell_scriptblock_text": {"field_name": "ScriptBlockText", "type": "string", "sample_value": "", "description": "function Invoke-ATTACKAPI.."}, "powershell_parameter_binding": {"field_name": "MessageTotal", "type": "integer", "sample_value": 1, "description": ""}}, "description": {"text": "Script block logging records blocks of code as they are executed by the PowerShell engine, thereby capturing the full contents of code executed by an attacker, including scripts and commands. Due to the nature of script block logging, it also records de-obfuscated code as it is executed. For example, in addition to recording the original obfuscated code, script block logging records the decoded commands passed with PowerShell's -EncodedCommand argument, as well as those obfuscated with XOR, Base64, ROT13, encryption, etc., in addition to the original obfuscated code. Script block logging will not record output from the executed code. ", "links": [{"text": "FireEye", "link": "https://www.fireeye.com/blog/threat-research/2016/02/greater_visibilityt.html"}]}, "title": "Event ID 4103: Script Block Logging", "meta": {"log_type": "Windows PowerShell", "date": "05/16/2018", "title": "Event ID 4104 - Script Block Logging", "author": "Roberto Rodriguez (@Cyb3rWard0g)", "description": "It records blocks of code as they are executed by the PowerShell engine."}, "event_data": {"type": "xml", "data": "<Event xmlns=\"http://schemas.microsoft.com/win/2004/08/events/event\">\n  <System>\n    <Provider Name=\"Microsoft-Windows-PowerShell\" Guid=\"{A0C1853B-5C40-4B15-8766-3CF1C58F985A}\" /> \n    <EventID>4104</EventID> \n    <Version>1</Version> \n    <Level>3</Level> \n    <Task>2</Task> \n    <Opcode>15</Opcode> \n    <Keywords>0x0</Keywords> \n    <TimeCreated SystemTime=\"2018-04-27T14:58:52.933359400Z\" /> \n    <EventRecordID>4169</EventRecordID> \n    <Correlation ActivityID=\"{35AA0A3A-DCCA-0000-21BF-AA35CADCD301}\" /> \n    <Execution ProcessID=\"6612\" ThreadID=\"3444\" /> \n    <Channel>Microsoft-windows-PowerShell/Operational</Channel> \n    <Computer>DESKTOP-WARDOG</Computer> \n    <Security UserID=\"S-1-5-21-3825400013-1856045589-1834093677-1001\" /> \n  </System>\n  <EventData>\n    <Data Name=\"MessageNumber\">1</Data> \n    <Data Name=\"MessageTotal\">7</Data> \n    <Data Name=\"ScriptBlockText\">function Invoke-ATTACKAPI { <# .SYNOPSIS A PS script to interact with the MITRE ATT&CK Framework via its own API .DESCRIPTION Use this script to interact with the MITRE ATT&CK Framework via its API and gather information about techniques, tactics, groups, software and references provided by the MITRE ATT&CK Team @MITREattack Almost all data in ATT&CK can be accessed using the Semantic MediaWiki Ask API. URLs targeting the API are constructed in the following pattern /api.php?action=ask&format=<format specifier>&query=<insert query statement> where <format specifier> is a specific output format (usually json or jsonfm) and <insert query statement> refers to a query that specifies the data that will be retrieved. Queries are structured as if they are targeting the Semantic MediaWiki #ask parser function. Queries are constructed by combining one or more page selectors with a set of display parameters. A simple selector for all techniques is [[Category:Technique]] and a simple display parameter is ?Has display name which maps to the name of the ATT&CK Technique. To construct the query, the selector is combined with the display parameter by placing a | symbol in between. So the combined query is [[Category:Technique]]|?Has display name. This query will retrieve all ATT&CK techniques along with their display name. To run this we just have to URL encode the combined query and place it in the URL. The final query is: https://attack.mitre.org/api.php?action=ask&format=jsonfm&query=%5B%5BCategory%3ATechnique%5D%5D%7C%3FHas%20display%20name .PARAMETER Sync Connects to the MITRE ATT&CK framework and dumps all its data to an object. The output of this is needed before running any other parameters. .PARAMETER Matrix Switch that you can use to display an up to date ATT&CK Matrix for Enterprise .PARAMETER Category Page selector switch. .PARAMETER </Data> \n    <Data Name=\"ScriptBlockId\">1c97482f-51a2-4cf9-8abd-df9769b6e373</Data> \n    <Data Name=\"Path\">C:\\Tools\\Invoke-ATTACKAPI-master\\Invoke-ATTACKAPI.ps1</Data> \n  </EventData>\n</Event>"}}, "400": {"event_log_illustration": {"image": {"width": 625, "alt": "Event 2 illustration", "height": 625, "link": "https://github.com/Cyb3rWard0g/OSSEM/blob/master/resources/images/event-400.png"}}, "data_dictionary": {"powershell_script_name": {"field_name": "ScriptName", "type": "string", "sample_value": "", "description": ""}, "powershell_new_engine_state": {"field_name": "NewEngineState", "type": "string", "sample_value": "Available", "description": ""}, "powershell_previous_engine_state": {"field_name": "PreviousEngineState", "type": "string", "sample_value": "None", "description": ""}, "powershell_host_application": {"field_name": "HostApplication", "type": "string", "sample_value": "powershell.exe", "description": ""}, "powershell_host_id": {"field_name": "HostId", "type": "string", "sample_value": "f90b931a-dc4d-488a-b1b8-e0b7dbcdc0c7", "description": ""}, "powershell_host_version": {"field_name": "HostVersion", "type": "string", "sample_value": "5.1.16299.251", "description": ""}, "powershell_command_path": {"field_name": "CommandPath", "type": "string", "sample_value": "", "description": ""}, "powershell_engine_version": {"field_name": "EngineVersion", "type": "string", "sample_value": "5.1.16299.251", "description": ""}, "powershell_host_name": {"field_name": "HostName", "type": "string", "sample_value": "ConsoleHost", "description": ""}, "powershell_sequence_number": {"field_name": "SequenceNumber", "type": "integer", "sample_value": 13, "description": ""}, "powershell_pipeline_id": {"field_name": "PipelineId", "type": "string", "sample_value": "", "description": ""}, "powershell_command_name": {"field_name": "CommandName", "type": "string", "sample_value": "", "description": ""}, "powershell_runspace_id": {"field_name": "RunspaceId", "type": "string", "sample_value": "0dfc1f10-3bce-4885-8dbf-58ed28eba179", "description": ""}, "powershell_command_type": {"field_name": "CommandType", "type": "string", "sample_value": "", "description": ""}, "powershell_command_line": {"field_name": "CommandLine", "type": "string", "sample_value": "", "description": ""}}, "description": {"text": "Logs the start and stop of PowerShell. Each time that PowerShell executes - either upon the execution of a single command, the start of a local session, or the start of a remoting session - this log records an Event ID (EID) 400 message: \"Engine state is changed from None to Available.\" At the completion of the session, the log records an EID 403 event: \"Engine state is changed from Available to Stopped\".\nThe message details for both EID 400 and EID 403 events include a HostName field. If executed locally, this field will be logged as HostName=ConsoleHost. If PowerShell remoting is in use, the accessed system will record these events with HostName=ServerRemoteHost.\"", "links": [{"text": "Investigating PowerShell Attacks - Mandiant", "link": "https://www.blackhat.com/docs/us-14/materials/us-14-Kazanciyan-Investigating-Powershell-Attacks-WP.pdf"}]}, "title": "Event ID 400: Engine Lifecycle", "meta": {"log_type": "Windows PowerShell", "date": "05/16/2018", "title": "Event ID 400 - Engine Lifecycle", "author": "Roberto Rodriguez (@Cyb3rWard0g)", "description": "Information about PowerShell engine state. Engine state is changed from None to Available"}, "event_data": {"type": "xml", "data": "<Event xmlns=\"http://schemas.microsoft.com/win/2004/08/events/event\">\n  <System>\n    <Provider Name=\"PowerShell\" /> \n    <EventID Qualifiers=\"0\">400</EventID> \n    <Level>4</Level> \n    <Task>4</Task> \n    <Keywords>0x80000000000000</Keywords> \n    <TimeCreated SystemTime=\"2018-05-10T17:13:22.655383400Z\" /> \n    <EventRecordID>8055</EventRecordID> \n    <Channel>Windows PowerShell</Channel> \n    <Computer>DESKTOP-WARDOG</Computer> \n    <Security /> \n  </System>\n  <EventData>\n    <Data>Available</Data> \n    <Data>None</Data> \n    <Data>NewEngineState=Available PreviousEngineState=None SequenceNumber=13 HostName=ConsoleHost HostVersion=5.1.16299.251 HostId=f90b931a-dc4d-488a-b1b8-e0b7dbcdc0c7 HostApplication=powershell.exe EngineVersion=5.1.16299.251 RunspaceId=0dfc1f10-3bce-4885-8dbf-58ed28eba179 PipelineId= CommandName= CommandType= ScriptName= CommandPath= CommandLine=</Data> \n  </EventData>\n</Event>"}}, "41